2023-10-24 11:49:52,632 [Worker-10] INFO  o.e.m.c.i.i.nexus.NexusIndexManager - Updating index for repository: central|https://repo.maven.apache.org/maven2
2023-10-24 11:50:16,837 [Worker-4] INFO  o.e.m.c.i.p.ProjectConfigurationManager - Collecting project info '/pom.xml' C:\Users\HP\Desktop\4to ciclo\lenguaje de programacion II\CL2\LPII_CL2_ORTIZCRUZNAYSHA\pom.xml
2023-10-24 11:50:18,042 [Worker-4] INFO  o.e.m.c.i.l.LifecycleMappingFactory - Using org.maven.ide.eclipse.wtp.WarLifecycleMapping lifecycle mapping for MavenProject: com.maven.crud:LPII_CL2_ORTIZCRUZNAYSHA:0.0.1-SNAPSHOT @ C:\Users\HP\Desktop\4to ciclo\lenguaje de programacion II\CL2\LPII_CL2_ORTIZCRUZNAYSHA\pom.xml.
2023-10-24 11:50:19,054 [Worker-4] INFO  o.e.m.j.i.AbstractJavaProjectConfigurator - Adding source folder /LPII_CL2_ORTIZCRUZNAYSHA/src/main/java
2023-10-24 11:50:19,055 [Worker-4] INFO  o.e.m.j.i.AbstractJavaProjectConfigurator - Adding resource folder /LPII_CL2_ORTIZCRUZNAYSHA/src/main/resources
2023-10-24 11:50:19,056 [Worker-4] INFO  o.e.m.j.i.AbstractJavaProjectConfigurator - Adding source folder /LPII_CL2_ORTIZCRUZNAYSHA/src/test/java
2023-10-24 11:50:20,985 [Worker-4] INFO  o.e.m.c.i.p.ProjectConfigurationManager - Imported and configured 1 project(s) in 4 sec
2023-10-24 11:50:23,542 [Worker-4] WARN  o.e.m.c.i.embedder.EclipseLogger - Using platform encoding (Cp1252 actually) to copy filtered resources, i.e. build is platform dependent!
2023-10-24 11:50:23,551 [Worker-4] INFO  o.e.m.c.i.embedder.EclipseLogger - Copying 0 resource
2023-10-24 11:50:23,553 [Worker-4] WARN  o.e.m.c.i.embedder.EclipseLogger - Using platform encoding (Cp1252 actually) to copy filtered resources, i.e. build is platform dependent!
2023-10-24 11:50:23,554 [Worker-4] INFO  o.e.m.c.i.embedder.EclipseLogger - skip non existing resourceDirectory C:\Users\HP\Desktop\4to ciclo\lenguaje de programacion II\CL2\LPII_CL2_ORTIZCRUZNAYSHA\src\test\resources
2023-10-24 11:51:15,314 [Worker-12] INFO  o.e.m.c.i.l.LifecycleMappingFactory - Using org.maven.ide.eclipse.wtp.WarLifecycleMapping lifecycle mapping for MavenProject: com.maven.crud:LPII_CL2_ORTIZCRUZNAYSHA:0.0.1-SNAPSHOT @ C:\Users\HP\Desktop\4to ciclo\lenguaje de programacion II\CL2\LPII_CL2_ORTIZCRUZNAYSHA\pom.xml.
2023-10-24 11:51:16,849 [Worker-12] WARN  o.e.m.c.i.embedder.EclipseLogger - Using platform encoding (Cp1252 actually) to copy filtered resources, i.e. build is platform dependent!
2023-10-24 11:51:16,852 [Worker-12] INFO  o.e.m.c.i.embedder.EclipseLogger - Copying 0 resource
2023-10-24 11:51:16,854 [Worker-12] WARN  o.e.m.c.i.embedder.EclipseLogger - Using platform encoding (Cp1252 actually) to copy filtered resources, i.e. build is platform dependent!
2023-10-24 11:51:16,855 [Worker-12] INFO  o.e.m.c.i.embedder.EclipseLogger - skip non existing resourceDirectory C:\Users\HP\Desktop\4to ciclo\lenguaje de programacion II\CL2\LPII_CL2_ORTIZCRUZNAYSHA\src\test\resources
2023-10-24 11:51:16,856 [Worker-12] INFO  o.e.m.w.i.f.ResourceFilteringBuildParticipant - Changed resources require a complete clean of filtered resources of LPII_CL2_ORTIZCRUZNAYSHA
2023-10-24 11:51:16,857 [Worker-12] INFO  o.e.m.w.i.f.ResourceFilteringBuildParticipant - Executing resource filtering for LPII_CL2_ORTIZCRUZNAYSHA
2023-10-24 11:51:16,863 [Worker-12] WARN  o.e.m.c.i.embedder.EclipseLogger - Using platform encoding (Cp1252 actually) to copy filtered resources, i.e. build is platform dependent!
2023-10-24 11:51:18,281 [Worker-7] WARN  o.e.m.c.i.embedder.EclipseLogger - Using platform encoding (Cp1252 actually) to copy filtered resources, i.e. build is platform dependent!
2023-10-24 11:51:18,282 [Worker-7] INFO  o.e.m.c.i.embedder.EclipseLogger - Copying 0 resource
2023-10-24 11:51:18,284 [Worker-7] WARN  o.e.m.c.i.embedder.EclipseLogger - Using platform encoding (Cp1252 actually) to copy filtered resources, i.e. build is platform dependent!
2023-10-24 11:51:18,284 [Worker-7] INFO  o.e.m.c.i.embedder.EclipseLogger - skip non existing resourceDirectory C:\Users\HP\Desktop\4to ciclo\lenguaje de programacion II\CL2\LPII_CL2_ORTIZCRUZNAYSHA\src\test\resources
2023-10-24 11:55:50,412 [Worker-6] INFO  o.e.m.c.i.l.LifecycleMappingFactory - Using org.maven.ide.eclipse.wtp.WarLifecycleMapping lifecycle mapping for MavenProject: com.maven.crud:LPII_CL2_ORTIZCRUZNAYSHA:0.0.1-SNAPSHOT @ C:\Users\HP\Desktop\4to ciclo\lenguaje de programacion II\CL2\LPII_CL2_ORTIZCRUZNAYSHA\pom.xml.
2023-10-24 11:55:52,117 [Worker-6] WARN  o.e.m.c.i.embedder.EclipseLogger - Using platform encoding (Cp1252 actually) to copy filtered resources, i.e. build is platform dependent!
2023-10-24 11:55:52,120 [Worker-6] INFO  o.e.m.c.i.embedder.EclipseLogger - Copying 0 resource
2023-10-24 11:55:52,123 [Worker-6] WARN  o.e.m.c.i.embedder.EclipseLogger - Using platform encoding (Cp1252 actually) to copy filtered resources, i.e. build is platform dependent!
2023-10-24 11:55:52,124 [Worker-6] INFO  o.e.m.c.i.embedder.EclipseLogger - skip non existing resourceDirectory C:\Users\HP\Desktop\4to ciclo\lenguaje de programacion II\CL2\LPII_CL2_ORTIZCRUZNAYSHA\src\test\resources
2023-10-24 11:55:52,124 [Worker-6] INFO  o.e.m.w.i.f.ResourceFilteringBuildParticipant - Changed resources require a complete clean of filtered resources of LPII_CL2_ORTIZCRUZNAYSHA
2023-10-24 11:55:52,124 [Worker-6] INFO  o.e.m.w.i.f.ResourceFilteringBuildParticipant - Executing resource filtering for LPII_CL2_ORTIZCRUZNAYSHA
2023-10-24 11:55:52,128 [Worker-6] WARN  o.e.m.c.i.embedder.EclipseLogger - Using platform encoding (Cp1252 actually) to copy filtered resources, i.e. build is platform dependent!
2023-10-24 11:56:21,554 [Worker-2] INFO  o.e.m.c.i.p.ProjectConfigurationManager - Update started
2023-10-24 11:56:22,114 [Worker-2] INFO  o.e.m.c.i.l.LifecycleMappingFactory - Using org.maven.ide.eclipse.wtp.WarLifecycleMapping lifecycle mapping for MavenProject: com.maven.crud:LPII_CL2_ORTIZCRUZNAYSHA:0.0.1-SNAPSHOT @ C:\Users\HP\Desktop\4to ciclo\lenguaje de programacion II\CL2\LPII_CL2_ORTIZCRUZNAYSHA\pom.xml.
2023-10-24 11:56:23,905 [Worker-2] INFO  o.e.m.j.i.AbstractJavaProjectConfigurator - Adding source folder /LPII_CL2_ORTIZCRUZNAYSHA/src/main/java
2023-10-24 11:56:23,906 [Worker-2] INFO  o.e.m.j.i.AbstractJavaProjectConfigurator - Adding resource folder /LPII_CL2_ORTIZCRUZNAYSHA/src/main/resources
2023-10-24 11:56:23,907 [Worker-2] INFO  o.e.m.j.i.AbstractJavaProjectConfigurator - Adding source folder /LPII_CL2_ORTIZCRUZNAYSHA/src/test/java
2023-10-24 11:56:25,044 [Worker-2] INFO  o.e.m.w.i.f.ResourceFilteringBuildParticipant - Cleaning filtered folder for LPII_CL2_ORTIZCRUZNAYSHA
2023-10-24 11:56:25,051 [Worker-2] INFO  o.e.m.c.i.p.ProjectConfigurationManager - Update completed: 3 sec
2023-10-24 11:56:25,479 [Worker-7] WARN  o.e.m.c.i.embedder.EclipseLogger - Using platform encoding (Cp1252 actually) to copy filtered resources, i.e. build is platform dependent!
2023-10-24 11:56:25,481 [Worker-7] INFO  o.e.m.c.i.embedder.EclipseLogger - Copying 0 resource
2023-10-24 11:56:25,484 [Worker-7] WARN  o.e.m.c.i.embedder.EclipseLogger - Using platform encoding (Cp1252 actually) to copy filtered resources, i.e. build is platform dependent!
2023-10-24 11:56:25,484 [Worker-7] INFO  o.e.m.c.i.embedder.EclipseLogger - skip non existing resourceDirectory C:\Users\HP\Desktop\4to ciclo\lenguaje de programacion II\CL2\LPII_CL2_ORTIZCRUZNAYSHA\src\test\resources
2023-10-24 11:56:25,485 [Worker-7] INFO  o.e.m.w.i.f.ResourceFilteringBuildParticipant - Changed resources require a complete clean of filtered resources of LPII_CL2_ORTIZCRUZNAYSHA
2023-10-24 11:56:25,485 [Worker-7] INFO  o.e.m.w.i.f.ResourceFilteringBuildParticipant - Executing resource filtering for LPII_CL2_ORTIZCRUZNAYSHA
2023-10-24 11:56:25,491 [Worker-7] WARN  o.e.m.c.i.embedder.EclipseLogger - Using platform encoding (Cp1252 actually) to copy filtered resources, i.e. build is platform dependent!
2023-10-24 11:56:25,704 [Worker-18] WARN  o.e.m.c.i.embedder.EclipseLogger - Using platform encoding (Cp1252 actually) to copy filtered resources, i.e. build is platform dependent!
2023-10-24 11:56:25,708 [Worker-18] INFO  o.e.m.c.i.embedder.EclipseLogger - Copying 0 resource
2023-10-24 11:56:25,709 [Worker-18] WARN  o.e.m.c.i.embedder.EclipseLogger - Using platform encoding (Cp1252 actually) to copy filtered resources, i.e. build is platform dependent!
2023-10-24 11:56:25,710 [Worker-18] INFO  o.e.m.c.i.embedder.EclipseLogger - skip non existing resourceDirectory C:\Users\HP\Desktop\4to ciclo\lenguaje de programacion II\CL2\LPII_CL2_ORTIZCRUZNAYSHA\src\test\resources
2023-10-24 12:03:37,554 [Worker-17] INFO  o.e.m.c.i.p.ProjectConfigurationManager - Update started
2023-10-24 12:03:38,136 [Worker-17] INFO  o.e.m.c.i.l.LifecycleMappingFactory - Using org.maven.ide.eclipse.wtp.WarLifecycleMapping lifecycle mapping for MavenProject: com.maven.crud:LPII_CL2_ORTIZCRUZNAYSHA:0.0.1-SNAPSHOT @ C:\Users\HP\Desktop\4to ciclo\lenguaje de programacion II\CL2\LPII_CL2_ORTIZCRUZNAYSHA\pom.xml.
2023-10-24 12:03:39,609 [Worker-17] INFO  o.e.m.j.i.AbstractJavaProjectConfigurator - Adding source folder /LPII_CL2_ORTIZCRUZNAYSHA/src/main/java
2023-10-24 12:03:39,610 [Worker-17] INFO  o.e.m.j.i.AbstractJavaProjectConfigurator - Adding resource folder /LPII_CL2_ORTIZCRUZNAYSHA/src/main/resources
2023-10-24 12:03:39,611 [Worker-17] INFO  o.e.m.j.i.AbstractJavaProjectConfigurator - Adding source folder /LPII_CL2_ORTIZCRUZNAYSHA/src/test/java
2023-10-24 12:03:40,553 [Worker-17] INFO  o.e.m.w.i.f.ResourceFilteringBuildParticipant - Cleaning filtered folder for LPII_CL2_ORTIZCRUZNAYSHA
2023-10-24 12:03:40,558 [Worker-17] INFO  o.e.m.c.i.p.ProjectConfigurationManager - Update completed: 3 sec
2023-10-24 12:03:41,093 [Worker-19] WARN  o.e.m.c.i.embedder.EclipseLogger - Using platform encoding (Cp1252 actually) to copy filtered resources, i.e. build is platform dependent!
2023-10-24 12:03:41,095 [Worker-19] INFO  o.e.m.c.i.embedder.EclipseLogger - Copying 0 resource
2023-10-24 12:03:41,097 [Worker-19] WARN  o.e.m.c.i.embedder.EclipseLogger - Using platform encoding (Cp1252 actually) to copy filtered resources, i.e. build is platform dependent!
2023-10-24 12:03:41,098 [Worker-19] INFO  o.e.m.c.i.embedder.EclipseLogger - skip non existing resourceDirectory C:\Users\HP\Desktop\4to ciclo\lenguaje de programacion II\CL2\LPII_CL2_ORTIZCRUZNAYSHA\src\test\resources
2023-10-24 12:03:41,098 [Worker-19] INFO  o.e.m.w.i.f.ResourceFilteringBuildParticipant - Changed resources require a complete clean of filtered resources of LPII_CL2_ORTIZCRUZNAYSHA
2023-10-24 12:03:41,099 [Worker-19] INFO  o.e.m.w.i.f.ResourceFilteringBuildParticipant - Executing resource filtering for LPII_CL2_ORTIZCRUZNAYSHA
2023-10-24 12:03:41,105 [Worker-19] WARN  o.e.m.c.i.embedder.EclipseLogger - Using platform encoding (Cp1252 actually) to copy filtered resources, i.e. build is platform dependent!
2023-10-24 12:06:29,186 [Worker-19] WARN  o.e.m.c.i.embedder.EclipseLogger - Using platform encoding (Cp1252 actually) to copy filtered resources, i.e. build is platform dependent!
2023-10-24 12:06:29,189 [Worker-19] INFO  o.e.m.c.i.embedder.EclipseLogger - Copying 0 resource
2023-10-24 12:06:29,190 [Worker-19] WARN  o.e.m.c.i.embedder.EclipseLogger - Using platform encoding (Cp1252 actually) to copy filtered resources, i.e. build is platform dependent!
2023-10-24 12:06:29,191 [Worker-19] INFO  o.e.m.c.i.embedder.EclipseLogger - skip non existing resourceDirectory C:\Users\HP\Desktop\4to ciclo\lenguaje de programacion II\CL2\LPII_CL2_ORTIZCRUZNAYSHA\src\test\resources
2023-10-24 12:08:00,916 [Worker-7] WARN  o.e.m.c.i.embedder.EclipseLogger - Using platform encoding (Cp1252 actually) to copy filtered resources, i.e. build is platform dependent!
2023-10-24 12:08:00,919 [Worker-7] INFO  o.e.m.c.i.embedder.EclipseLogger - Copying 0 resource
2023-10-24 12:08:00,921 [Worker-7] WARN  o.e.m.c.i.embedder.EclipseLogger - Using platform encoding (Cp1252 actually) to copy filtered resources, i.e. build is platform dependent!
2023-10-24 12:08:00,922 [Worker-7] INFO  o.e.m.c.i.embedder.EclipseLogger - skip non existing resourceDirectory C:\Users\HP\Desktop\4to ciclo\lenguaje de programacion II\CL2\LPII_CL2_ORTIZCRUZNAYSHA\src\test\resources
2023-10-24 12:09:11,280 [Worker-7] WARN  o.e.m.c.i.embedder.EclipseLogger - Using platform encoding (Cp1252 actually) to copy filtered resources, i.e. build is platform dependent!
2023-10-24 12:09:11,282 [Worker-7] INFO  o.e.m.c.i.embedder.EclipseLogger - Copying 1 resource
2023-10-24 12:09:11,293 [Worker-7] WARN  o.e.m.c.i.embedder.EclipseLogger - Using platform encoding (Cp1252 actually) to copy filtered resources, i.e. build is platform dependent!
2023-10-24 12:09:11,296 [Worker-7] INFO  o.e.m.c.i.embedder.EclipseLogger - skip non existing resourceDirectory C:\Users\HP\Desktop\4to ciclo\lenguaje de programacion II\CL2\LPII_CL2_ORTIZCRUZNAYSHA\src\test\resources
2023-10-24 12:11:10,936 [Worker-1] WARN  o.e.m.c.i.embedder.EclipseLogger - Using platform encoding (Cp1252 actually) to copy filtered resources, i.e. build is platform dependent!
2023-10-24 12:11:10,937 [Worker-1] INFO  o.e.m.c.i.embedder.EclipseLogger - Copying 1 resource
2023-10-24 12:11:10,940 [Worker-1] WARN  o.e.m.c.i.embedder.EclipseLogger - Using platform encoding (Cp1252 actually) to copy filtered resources, i.e. build is platform dependent!
2023-10-24 12:11:10,941 [Worker-1] INFO  o.e.m.c.i.embedder.EclipseLogger - skip non existing resourceDirectory C:\Users\HP\Desktop\4to ciclo\lenguaje de programacion II\CL2\LPII_CL2_ORTIZCRUZNAYSHA\src\test\resources
2023-10-24 12:12:00,263 [Worker-7] WARN  o.e.m.c.i.embedder.EclipseLogger - Using platform encoding (Cp1252 actually) to copy filtered resources, i.e. build is platform dependent!
2023-10-24 12:12:00,264 [Worker-7] INFO  o.e.m.c.i.embedder.EclipseLogger - Copying 1 resource
2023-10-24 12:12:00,267 [Worker-7] WARN  o.e.m.c.i.embedder.EclipseLogger - Using platform encoding (Cp1252 actually) to copy filtered resources, i.e. build is platform dependent!
2023-10-24 12:12:00,270 [Worker-7] INFO  o.e.m.c.i.embedder.EclipseLogger - skip non existing resourceDirectory C:\Users\HP\Desktop\4to ciclo\lenguaje de programacion II\CL2\LPII_CL2_ORTIZCRUZNAYSHA\src\test\resources
2023-10-24 12:14:59,985 [Worker-10] ERROR o.e.m.c.i.i.nexus.NexusIndexManager - Unable to update index for central|https://repo.maven.apache.org/maven2
java.lang.NullPointerException: null
	at org.apache.lucene.store.IndexOutput.writeString(IndexOutput.java:102) ~[lucene-core-2.4.1.jar:2.4.1 750176 - 2009-03-04 21:56:52]
	at org.apache.lucene.index.SegmentInfo.write(SegmentInfo.java:504) ~[lucene-core-2.4.1.jar:2.4.1 750176 - 2009-03-04 21:56:52]
	at org.apache.lucene.index.SegmentInfos.write(SegmentInfos.java:307) ~[lucene-core-2.4.1.jar:2.4.1 750176 - 2009-03-04 21:56:52]
	at org.apache.lucene.index.SegmentInfos.prepareCommit(SegmentInfos.java:761) ~[lucene-core-2.4.1.jar:2.4.1 750176 - 2009-03-04 21:56:52]
	at org.apache.lucene.index.IndexWriter.startCommit(IndexWriter.java:4636) ~[lucene-core-2.4.1.jar:2.4.1 750176 - 2009-03-04 21:56:52]
	at org.apache.lucene.index.IndexWriter.commit(IndexWriter.java:3369) ~[lucene-core-2.4.1.jar:2.4.1 750176 - 2009-03-04 21:56:52]
	at org.apache.lucene.index.IndexWriter.closeInternal(IndexWriter.java:1654) ~[lucene-core-2.4.1.jar:2.4.1 750176 - 2009-03-04 21:56:52]
	at org.apache.lucene.index.IndexWriter.close(IndexWriter.java:1602) ~[lucene-core-2.4.1.jar:2.4.1 750176 - 2009-03-04 21:56:52]
	at org.apache.lucene.index.IndexWriter.close(IndexWriter.java:1578) ~[lucene-core-2.4.1.jar:2.4.1 750176 - 2009-03-04 21:56:52]
	at org.apache.maven.index.context.NexusIndexWriter.close(NexusIndexWriter.java:58) ~[indexer-core-3.1.0.jar:3.1.0]
	at org.apache.maven.index.context.IndexUtils.close(IndexUtils.java:376) ~[indexer-core-3.1.0.jar:3.1.0]
	at org.apache.maven.index.updater.DefaultIndexUpdater.unpackIndexData(DefaultIndexUpdater.java:529) ~[indexer-core-3.1.0.jar:3.1.0]
	at org.apache.maven.index.updater.DefaultIndexUpdater.loadIndexDirectory(DefaultIndexUpdater.java:212) ~[indexer-core-3.1.0.jar:3.1.0]
	at org.apache.maven.index.updater.DefaultIndexUpdater.access$300(DefaultIndexUpdater.java:75) ~[indexer-core-3.1.0.jar:3.1.0]
	at org.apache.maven.index.updater.DefaultIndexUpdater$LuceneIndexAdaptor.setIndexFile(DefaultIndexUpdater.java:645) ~[indexer-core-3.1.0.jar:3.1.0]
	at org.apache.maven.index.updater.DefaultIndexUpdater.fetchAndUpdateIndex(DefaultIndexUpdater.java:829) ~[indexer-core-3.1.0.jar:3.1.0]
	at org.apache.maven.index.updater.DefaultIndexUpdater.fetchAndUpdateIndex(DefaultIndexUpdater.java:156) ~[indexer-core-3.1.0.jar:3.1.0]
	at org.eclipse.m2e.core.internal.index.nexus.NexusIndexManager.updateRemoteIndex(NexusIndexManager.java:1140) [org.eclipse.m2e.core_1.6.2.20150902-0002.jar:na]
	at org.eclipse.m2e.core.internal.index.nexus.NexusIndexManager.updateIndex(NexusIndexManager.java:1084) [org.eclipse.m2e.core_1.6.2.20150902-0002.jar:na]
	at org.eclipse.m2e.core.internal.index.nexus.NexusIndexManager$1.run(NexusIndexManager.java:656) [org.eclipse.m2e.core_1.6.2.20150902-0002.jar:na]
	at org.eclipse.m2e.core.internal.index.nexus.IndexUpdaterJob.run(IndexUpdaterJob.java:72) [org.eclipse.m2e.core_1.6.2.20150902-0002.jar:na]
	at org.eclipse.core.internal.jobs.Worker.run(Worker.java:55) [org.eclipse.core.jobs_3.7.0.v20150330-2103.jar:na]
2023-10-24 12:16:47,961 [Worker-20] WARN  o.e.m.c.i.embedder.EclipseLogger - Using platform encoding (Cp1252 actually) to copy filtered resources, i.e. build is platform dependent!
2023-10-24 12:16:47,962 [Worker-20] INFO  o.e.m.c.i.embedder.EclipseLogger - Copying 1 resource
2023-10-24 12:16:47,965 [Worker-20] WARN  o.e.m.c.i.embedder.EclipseLogger - Using platform encoding (Cp1252 actually) to copy filtered resources, i.e. build is platform dependent!
2023-10-24 12:16:47,966 [Worker-20] INFO  o.e.m.c.i.embedder.EclipseLogger - skip non existing resourceDirectory C:\Users\HP\Desktop\4to ciclo\lenguaje de programacion II\CL2\LPII_CL2_ORTIZCRUZNAYSHA\src\test\resources
2023-10-24 12:16:56,150 [Worker-20] INFO  o.e.m.c.i.p.ProjectConfigurationManager - Update started
2023-10-24 12:16:56,587 [Worker-20] INFO  o.e.m.c.i.l.LifecycleMappingFactory - Using org.maven.ide.eclipse.wtp.WarLifecycleMapping lifecycle mapping for MavenProject: com.maven.crud:LPII_CL2_ORTIZCRUZNAYSHA:0.0.1-SNAPSHOT @ C:\Users\HP\Desktop\4to ciclo\lenguaje de programacion II\CL2\LPII_CL2_ORTIZCRUZNAYSHA\pom.xml.
2023-10-24 12:16:57,764 [Worker-20] INFO  o.e.m.j.i.AbstractJavaProjectConfigurator - Adding source folder /LPII_CL2_ORTIZCRUZNAYSHA/src/main/java
2023-10-24 12:16:57,765 [Worker-20] INFO  o.e.m.j.i.AbstractJavaProjectConfigurator - Adding resource folder /LPII_CL2_ORTIZCRUZNAYSHA/src/main/resources
2023-10-24 12:16:57,766 [Worker-20] INFO  o.e.m.j.i.AbstractJavaProjectConfigurator - Adding source folder /LPII_CL2_ORTIZCRUZNAYSHA/src/test/java
2023-10-24 12:16:58,884 [Worker-20] INFO  o.e.m.w.i.f.ResourceFilteringBuildParticipant - Cleaning filtered folder for LPII_CL2_ORTIZCRUZNAYSHA
2023-10-24 12:16:58,889 [Worker-20] INFO  o.e.m.c.i.p.ProjectConfigurationManager - Update completed: 2 sec
2023-10-24 12:17:00,037 [Worker-20] WARN  o.e.m.c.i.embedder.EclipseLogger - Using platform encoding (Cp1252 actually) to copy filtered resources, i.e. build is platform dependent!
2023-10-24 12:17:00,041 [Worker-20] INFO  o.e.m.c.i.embedder.EclipseLogger - Copying 1 resource
2023-10-24 12:17:00,052 [Worker-20] WARN  o.e.m.c.i.embedder.EclipseLogger - Using platform encoding (Cp1252 actually) to copy filtered resources, i.e. build is platform dependent!
2023-10-24 12:17:00,053 [Worker-20] INFO  o.e.m.c.i.embedder.EclipseLogger - skip non existing resourceDirectory C:\Users\HP\Desktop\4to ciclo\lenguaje de programacion II\CL2\LPII_CL2_ORTIZCRUZNAYSHA\src\test\resources
2023-10-24 12:17:00,053 [Worker-20] INFO  o.e.m.w.i.f.ResourceFilteringBuildParticipant - Changed resources require a complete clean of filtered resources of LPII_CL2_ORTIZCRUZNAYSHA
2023-10-24 12:17:00,053 [Worker-20] INFO  o.e.m.w.i.f.ResourceFilteringBuildParticipant - Executing resource filtering for LPII_CL2_ORTIZCRUZNAYSHA
2023-10-24 12:17:00,056 [Worker-20] WARN  o.e.m.c.i.embedder.EclipseLogger - Using platform encoding (Cp1252 actually) to copy filtered resources, i.e. build is platform dependent!
2023-10-24 12:17:06,825 [Worker-25] INFO  o.e.m.c.i.p.ProjectConfigurationManager - Update started
2023-10-24 12:17:07,177 [Worker-25] INFO  o.e.m.c.i.l.LifecycleMappingFactory - Using org.maven.ide.eclipse.wtp.WarLifecycleMapping lifecycle mapping for MavenProject: com.maven.crud:LPII_CL2_ORTIZCRUZNAYSHA:0.0.1-SNAPSHOT @ C:\Users\HP\Desktop\4to ciclo\lenguaje de programacion II\CL2\LPII_CL2_ORTIZCRUZNAYSHA\pom.xml.
2023-10-24 12:17:08,214 [Worker-25] INFO  o.e.m.j.i.AbstractJavaProjectConfigurator - Adding source folder /LPII_CL2_ORTIZCRUZNAYSHA/src/main/java
2023-10-24 12:17:08,214 [Worker-25] INFO  o.e.m.j.i.AbstractJavaProjectConfigurator - Adding resource folder /LPII_CL2_ORTIZCRUZNAYSHA/src/main/resources
2023-10-24 12:17:08,215 [Worker-25] INFO  o.e.m.j.i.AbstractJavaProjectConfigurator - Adding source folder /LPII_CL2_ORTIZCRUZNAYSHA/src/test/java
2023-10-24 12:17:08,776 [Worker-25] INFO  o.e.m.w.i.f.ResourceFilteringBuildParticipant - Cleaning filtered folder for LPII_CL2_ORTIZCRUZNAYSHA
2023-10-24 12:17:08,780 [Worker-25] INFO  o.e.m.c.i.p.ProjectConfigurationManager - Update completed: 1 sec
2023-10-24 12:17:09,628 [Worker-20] WARN  o.e.m.c.i.embedder.EclipseLogger - Using platform encoding (Cp1252 actually) to copy filtered resources, i.e. build is platform dependent!
2023-10-24 12:17:09,630 [Worker-20] INFO  o.e.m.c.i.embedder.EclipseLogger - Copying 1 resource
2023-10-24 12:17:09,639 [Worker-20] WARN  o.e.m.c.i.embedder.EclipseLogger - Using platform encoding (Cp1252 actually) to copy filtered resources, i.e. build is platform dependent!
2023-10-24 12:17:09,639 [Worker-20] INFO  o.e.m.c.i.embedder.EclipseLogger - skip non existing resourceDirectory C:\Users\HP\Desktop\4to ciclo\lenguaje de programacion II\CL2\LPII_CL2_ORTIZCRUZNAYSHA\src\test\resources
2023-10-24 12:17:09,640 [Worker-20] INFO  o.e.m.w.i.f.ResourceFilteringBuildParticipant - Changed resources require a complete clean of filtered resources of LPII_CL2_ORTIZCRUZNAYSHA
2023-10-24 12:17:09,640 [Worker-20] INFO  o.e.m.w.i.f.ResourceFilteringBuildParticipant - Executing resource filtering for LPII_CL2_ORTIZCRUZNAYSHA
2023-10-24 12:17:09,643 [Worker-20] WARN  o.e.m.c.i.embedder.EclipseLogger - Using platform encoding (Cp1252 actually) to copy filtered resources, i.e. build is platform dependent!
2023-10-24 12:17:41,352 [Worker-25] WARN  o.e.m.c.i.embedder.EclipseLogger - Using platform encoding (Cp1252 actually) to copy filtered resources, i.e. build is platform dependent!
2023-10-24 12:17:41,360 [Worker-25] INFO  o.e.m.c.i.embedder.EclipseLogger - Copying 1 resource
2023-10-24 12:17:41,363 [Worker-25] WARN  o.e.m.c.i.embedder.EclipseLogger - Using platform encoding (Cp1252 actually) to copy filtered resources, i.e. build is platform dependent!
2023-10-24 12:17:41,364 [Worker-25] INFO  o.e.m.c.i.embedder.EclipseLogger - skip non existing resourceDirectory C:\Users\HP\Desktop\4to ciclo\lenguaje de programacion II\CL2\LPII_CL2_ORTIZCRUZNAYSHA\src\test\resources
2023-10-24 12:18:18,499 [Worker-25] WARN  o.e.m.c.i.embedder.EclipseLogger - Using platform encoding (Cp1252 actually) to copy filtered resources, i.e. build is platform dependent!
2023-10-24 12:18:18,500 [Worker-25] INFO  o.e.m.c.i.embedder.EclipseLogger - Copying 1 resource
2023-10-24 12:18:18,501 [Worker-25] WARN  o.e.m.c.i.embedder.EclipseLogger - Using platform encoding (Cp1252 actually) to copy filtered resources, i.e. build is platform dependent!
2023-10-24 12:18:18,502 [Worker-25] INFO  o.e.m.c.i.embedder.EclipseLogger - skip non existing resourceDirectory C:\Users\HP\Desktop\4to ciclo\lenguaje de programacion II\CL2\LPII_CL2_ORTIZCRUZNAYSHA\src\test\resources
2023-10-24 12:19:55,948 [Worker-23] WARN  o.e.m.c.i.embedder.EclipseLogger - Using platform encoding (Cp1252 actually) to copy filtered resources, i.e. build is platform dependent!
2023-10-24 12:19:55,950 [Worker-23] INFO  o.e.m.c.i.embedder.EclipseLogger - Copying 1 resource
2023-10-24 12:19:55,951 [Worker-23] WARN  o.e.m.c.i.embedder.EclipseLogger - Using platform encoding (Cp1252 actually) to copy filtered resources, i.e. build is platform dependent!
2023-10-24 12:19:55,952 [Worker-23] INFO  o.e.m.c.i.embedder.EclipseLogger - skip non existing resourceDirectory C:\Users\HP\Desktop\4to ciclo\lenguaje de programacion II\CL2\LPII_CL2_ORTIZCRUZNAYSHA\src\test\resources
2023-10-24 12:20:03,507 [Worker-24] WARN  o.e.m.c.i.embedder.EclipseLogger - Using platform encoding (Cp1252 actually) to copy filtered resources, i.e. build is platform dependent!
2023-10-24 12:20:03,510 [Worker-24] INFO  o.e.m.c.i.embedder.EclipseLogger - Copying 1 resource
2023-10-24 12:20:03,511 [Worker-24] WARN  o.e.m.c.i.embedder.EclipseLogger - Using platform encoding (Cp1252 actually) to copy filtered resources, i.e. build is platform dependent!
2023-10-24 12:20:03,512 [Worker-24] INFO  o.e.m.c.i.embedder.EclipseLogger - skip non existing resourceDirectory C:\Users\HP\Desktop\4to ciclo\lenguaje de programacion II\CL2\LPII_CL2_ORTIZCRUZNAYSHA\src\test\resources
2023-10-24 12:20:25,907 [Worker-20] WARN  o.e.m.c.i.embedder.EclipseLogger - Using platform encoding (Cp1252 actually) to copy filtered resources, i.e. build is platform dependent!
2023-10-24 12:20:25,908 [Worker-20] INFO  o.e.m.c.i.embedder.EclipseLogger - Copying 1 resource
2023-10-24 12:20:25,909 [Worker-20] WARN  o.e.m.c.i.embedder.EclipseLogger - Using platform encoding (Cp1252 actually) to copy filtered resources, i.e. build is platform dependent!
2023-10-24 12:20:25,910 [Worker-20] INFO  o.e.m.c.i.embedder.EclipseLogger - skip non existing resourceDirectory C:\Users\HP\Desktop\4to ciclo\lenguaje de programacion II\CL2\LPII_CL2_ORTIZCRUZNAYSHA\src\test\resources
2023-10-24 12:21:10,915 [Worker-23] WARN  o.e.m.c.i.embedder.EclipseLogger - Using platform encoding (Cp1252 actually) to copy filtered resources, i.e. build is platform dependent!
2023-10-24 12:21:10,918 [Worker-23] INFO  o.e.m.c.i.embedder.EclipseLogger - Copying 1 resource
2023-10-24 12:21:10,919 [Worker-23] WARN  o.e.m.c.i.embedder.EclipseLogger - Using platform encoding (Cp1252 actually) to copy filtered resources, i.e. build is platform dependent!
2023-10-24 12:21:10,920 [Worker-23] INFO  o.e.m.c.i.embedder.EclipseLogger - skip non existing resourceDirectory C:\Users\HP\Desktop\4to ciclo\lenguaje de programacion II\CL2\LPII_CL2_ORTIZCRUZNAYSHA\src\test\resources
2023-10-24 12:21:11,942 [Worker-22] WARN  o.e.m.c.i.embedder.EclipseLogger - Using platform encoding (Cp1252 actually) to copy filtered resources, i.e. build is platform dependent!
2023-10-24 12:21:11,943 [Worker-22] INFO  o.e.m.c.i.embedder.EclipseLogger - Copying 0 resource
2023-10-24 12:21:11,944 [Worker-22] WARN  o.e.m.c.i.embedder.EclipseLogger - Using platform encoding (Cp1252 actually) to copy filtered resources, i.e. build is platform dependent!
2023-10-24 12:21:11,944 [Worker-22] INFO  o.e.m.c.i.embedder.EclipseLogger - skip non existing resourceDirectory C:\Users\HP\Desktop\4to ciclo\lenguaje de programacion II\CL2\LPII_CL2_ORTIZCRUZNAYSHA\src\test\resources
2023-10-24 12:21:22,649 [Worker-24] WARN  o.e.m.c.i.embedder.EclipseLogger - Using platform encoding (Cp1252 actually) to copy filtered resources, i.e. build is platform dependent!
2023-10-24 12:21:22,650 [Worker-24] INFO  o.e.m.c.i.embedder.EclipseLogger - Copying 1 resource
2023-10-24 12:21:22,651 [Worker-24] WARN  o.e.m.c.i.embedder.EclipseLogger - Using platform encoding (Cp1252 actually) to copy filtered resources, i.e. build is platform dependent!
2023-10-24 12:21:22,652 [Worker-24] INFO  o.e.m.c.i.embedder.EclipseLogger - skip non existing resourceDirectory C:\Users\HP\Desktop\4to ciclo\lenguaje de programacion II\CL2\LPII_CL2_ORTIZCRUZNAYSHA\src\test\resources
2023-10-24 12:21:41,886 [Worker-22] WARN  o.e.m.c.i.embedder.EclipseLogger - Using platform encoding (Cp1252 actually) to copy filtered resources, i.e. build is platform dependent!
2023-10-24 12:21:41,887 [Worker-22] INFO  o.e.m.c.i.embedder.EclipseLogger - Copying 1 resource
2023-10-24 12:21:41,888 [Worker-22] WARN  o.e.m.c.i.embedder.EclipseLogger - Using platform encoding (Cp1252 actually) to copy filtered resources, i.e. build is platform dependent!
2023-10-24 12:21:41,889 [Worker-22] INFO  o.e.m.c.i.embedder.EclipseLogger - skip non existing resourceDirectory C:\Users\HP\Desktop\4to ciclo\lenguaje de programacion II\CL2\LPII_CL2_ORTIZCRUZNAYSHA\src\test\resources
2023-10-24 12:22:34,602 [Worker-23] WARN  o.e.m.c.i.embedder.EclipseLogger - Using platform encoding (Cp1252 actually) to copy filtered resources, i.e. build is platform dependent!
2023-10-24 12:22:34,604 [Worker-23] INFO  o.e.m.c.i.embedder.EclipseLogger - Copying 1 resource
2023-10-24 12:22:34,604 [Worker-23] WARN  o.e.m.c.i.embedder.EclipseLogger - Using platform encoding (Cp1252 actually) to copy filtered resources, i.e. build is platform dependent!
2023-10-24 12:22:34,605 [Worker-23] INFO  o.e.m.c.i.embedder.EclipseLogger - skip non existing resourceDirectory C:\Users\HP\Desktop\4to ciclo\lenguaje de programacion II\CL2\LPII_CL2_ORTIZCRUZNAYSHA\src\test\resources
2023-10-24 12:28:00,055 [Worker-33] WARN  o.e.m.c.i.embedder.EclipseLogger - Using platform encoding (Cp1252 actually) to copy filtered resources, i.e. build is platform dependent!
2023-10-24 12:28:00,056 [Worker-33] INFO  o.e.m.c.i.embedder.EclipseLogger - Copying 1 resource
2023-10-24 12:28:00,058 [Worker-33] WARN  o.e.m.c.i.embedder.EclipseLogger - Using platform encoding (Cp1252 actually) to copy filtered resources, i.e. build is platform dependent!
2023-10-24 12:28:00,058 [Worker-33] INFO  o.e.m.c.i.embedder.EclipseLogger - skip non existing resourceDirectory C:\Users\HP\Desktop\4to ciclo\lenguaje de programacion II\CL2\LPII_CL2_ORTIZCRUZNAYSHA\src\test\resources
2023-10-24 12:28:19,254 [Worker-19] WARN  o.e.m.c.i.embedder.EclipseLogger - Using platform encoding (Cp1252 actually) to copy filtered resources, i.e. build is platform dependent!
2023-10-24 12:28:19,254 [Worker-19] INFO  o.e.m.c.i.embedder.EclipseLogger - Copying 1 resource
2023-10-24 12:28:19,256 [Worker-19] WARN  o.e.m.c.i.embedder.EclipseLogger - Using platform encoding (Cp1252 actually) to copy filtered resources, i.e. build is platform dependent!
2023-10-24 12:28:19,257 [Worker-19] INFO  o.e.m.c.i.embedder.EclipseLogger - skip non existing resourceDirectory C:\Users\HP\Desktop\4to ciclo\lenguaje de programacion II\CL2\LPII_CL2_ORTIZCRUZNAYSHA\src\test\resources
2023-10-24 12:28:29,609 [Worker-29] WARN  o.e.m.c.i.embedder.EclipseLogger - Using platform encoding (Cp1252 actually) to copy filtered resources, i.e. build is platform dependent!
2023-10-24 12:28:29,610 [Worker-29] INFO  o.e.m.c.i.embedder.EclipseLogger - Copying 1 resource
2023-10-24 12:28:29,612 [Worker-29] WARN  o.e.m.c.i.embedder.EclipseLogger - Using platform encoding (Cp1252 actually) to copy filtered resources, i.e. build is platform dependent!
2023-10-24 12:28:29,613 [Worker-29] INFO  o.e.m.c.i.embedder.EclipseLogger - skip non existing resourceDirectory C:\Users\HP\Desktop\4to ciclo\lenguaje de programacion II\CL2\LPII_CL2_ORTIZCRUZNAYSHA\src\test\resources
2023-10-24 12:29:14,242 [Worker-31] WARN  o.e.r.models.ModelRepository - Failed to download org.eclipse.recommenders:index::zip:0.0.0
org.eclipse.aether.resolution.ArtifactResolutionException: Could not find artifact org.eclipse.recommenders:index:zip:0.0.0-SNAPSHOT in models (http://download.eclipse.org/recommenders/models/mars/)
	at org.eclipse.aether.internal.impl.DefaultArtifactResolver.resolve(DefaultArtifactResolver.java:444) ~[na:na]
	at org.eclipse.aether.internal.impl.DefaultArtifactResolver.resolveArtifacts(DefaultArtifactResolver.java:246) ~[na:na]
	at org.eclipse.aether.internal.impl.DefaultArtifactResolver.resolveArtifact(DefaultArtifactResolver.java:223) ~[na:na]
	at org.eclipse.aether.internal.impl.DefaultRepositorySystem.resolveArtifact(DefaultRepositorySystem.java:294) ~[na:na]
	at org.eclipse.recommenders.models.ModelRepository.resolveInternal(ModelRepository.java:192) [org.eclipse.recommenders.models_2.3.0.v20160216-1255.jar:na]
	at org.eclipse.recommenders.models.ModelRepository.resolve(ModelRepository.java:174) [org.eclipse.recommenders.models_2.3.0.v20160216-1255.jar:na]
	at org.eclipse.recommenders.internal.models.rcp.EclipseModelRepository.resolve(EclipseModelRepository.java:165) [org.eclipse.recommenders.models.rcp_2.3.0.v20160216-1255.jar:na]
	at org.eclipse.recommenders.internal.models.rcp.DownloadModelArchiveJob.run(DownloadModelArchiveJob.java:76) [org.eclipse.recommenders.models.rcp_2.3.0.v20160216-1255.jar:na]
	at org.eclipse.core.internal.jobs.Worker.run(Worker.java:55) [org.eclipse.core.jobs_3.7.0.v20150330-2103.jar:na]
Caused by: org.eclipse.aether.transfer.ArtifactNotFoundException: Could not find artifact org.eclipse.recommenders:index:zip:0.0.0-SNAPSHOT in models (http://download.eclipse.org/recommenders/models/mars/)
	at org.eclipse.aether.connector.basic.ArtifactTransportListener.transferFailed(ArtifactTransportListener.java:39) ~[org.eclipse.aether.connector.basic_1.0.1.v20141111.jar:na]
	at org.eclipse.aether.connector.basic.BasicRepositoryConnector$TaskRunner.run(BasicRepositoryConnector.java:355) ~[org.eclipse.aether.connector.basic_1.0.1.v20141111.jar:na]
	at org.eclipse.aether.util.concurrency.RunnableErrorForwarder$1.run(RunnableErrorForwarder.java:67) ~[na:na]
	at org.eclipse.aether.connector.basic.BasicRepositoryConnector$DirectExecutor.execute(BasicRepositoryConnector.java:581) ~[org.eclipse.aether.connector.basic_1.0.1.v20141111.jar:na]
	at org.eclipse.aether.connector.basic.BasicRepositoryConnector.get(BasicRepositoryConnector.java:249) ~[org.eclipse.aether.connector.basic_1.0.1.v20141111.jar:na]
	at org.eclipse.aether.internal.impl.DefaultArtifactResolver.performDownloads(DefaultArtifactResolver.java:520) ~[na:na]
	at org.eclipse.aether.internal.impl.DefaultArtifactResolver.resolve(DefaultArtifactResolver.java:421) ~[na:na]
	... 8 common frames omitted
2023-10-24 12:32:28,197 [Worker-31] WARN  o.e.m.c.i.embedder.EclipseLogger - Using platform encoding (Cp1252 actually) to copy filtered resources, i.e. build is platform dependent!
2023-10-24 12:32:28,199 [Worker-31] INFO  o.e.m.c.i.embedder.EclipseLogger - Copying 1 resource
2023-10-24 12:32:28,200 [Worker-31] WARN  o.e.m.c.i.embedder.EclipseLogger - Using platform encoding (Cp1252 actually) to copy filtered resources, i.e. build is platform dependent!
2023-10-24 12:32:28,201 [Worker-31] INFO  o.e.m.c.i.embedder.EclipseLogger - skip non existing resourceDirectory C:\Users\HP\Desktop\4to ciclo\lenguaje de programacion II\CL2\LPII_CL2_ORTIZCRUZNAYSHA\src\test\resources
2023-10-24 12:32:37,648 [Worker-19] WARN  o.e.m.c.i.embedder.EclipseLogger - Using platform encoding (Cp1252 actually) to copy filtered resources, i.e. build is platform dependent!
2023-10-24 12:32:37,650 [Worker-19] INFO  o.e.m.c.i.embedder.EclipseLogger - Copying 1 resource
2023-10-24 12:32:37,652 [Worker-19] WARN  o.e.m.c.i.embedder.EclipseLogger - Using platform encoding (Cp1252 actually) to copy filtered resources, i.e. build is platform dependent!
2023-10-24 12:32:37,653 [Worker-19] INFO  o.e.m.c.i.embedder.EclipseLogger - skip non existing resourceDirectory C:\Users\HP\Desktop\4to ciclo\lenguaje de programacion II\CL2\LPII_CL2_ORTIZCRUZNAYSHA\src\test\resources
2023-10-24 12:38:03,342 [Worker-22] WARN  o.e.m.c.i.embedder.EclipseLogger - Using platform encoding (Cp1252 actually) to copy filtered resources, i.e. build is platform dependent!
2023-10-24 12:38:03,344 [Worker-22] INFO  o.e.m.c.i.embedder.EclipseLogger - Copying 1 resource
2023-10-24 12:38:03,345 [Worker-22] WARN  o.e.m.c.i.embedder.EclipseLogger - Using platform encoding (Cp1252 actually) to copy filtered resources, i.e. build is platform dependent!
2023-10-24 12:38:03,346 [Worker-22] INFO  o.e.m.c.i.embedder.EclipseLogger - skip non existing resourceDirectory C:\Users\HP\Desktop\4to ciclo\lenguaje de programacion II\CL2\LPII_CL2_ORTIZCRUZNAYSHA\src\test\resources
2023-10-24 12:42:48,931 [Worker-42] WARN  o.e.m.c.i.embedder.EclipseLogger - Using platform encoding (Cp1252 actually) to copy filtered resources, i.e. build is platform dependent!
2023-10-24 12:42:48,932 [Worker-42] INFO  o.e.m.c.i.embedder.EclipseLogger - Copying 1 resource
2023-10-24 12:42:48,935 [Worker-42] WARN  o.e.m.c.i.embedder.EclipseLogger - Using platform encoding (Cp1252 actually) to copy filtered resources, i.e. build is platform dependent!
2023-10-24 12:42:48,936 [Worker-42] INFO  o.e.m.c.i.embedder.EclipseLogger - skip non existing resourceDirectory C:\Users\HP\Desktop\4to ciclo\lenguaje de programacion II\CL2\LPII_CL2_ORTIZCRUZNAYSHA\src\test\resources
2023-10-24 12:50:39,610 [Worker-20] WARN  o.e.m.c.i.embedder.EclipseLogger - Using platform encoding (Cp1252 actually) to copy filtered resources, i.e. build is platform dependent!
2023-10-24 12:50:39,611 [Worker-20] INFO  o.e.m.c.i.embedder.EclipseLogger - Copying 1 resource
2023-10-24 12:50:39,612 [Worker-20] WARN  o.e.m.c.i.embedder.EclipseLogger - Using platform encoding (Cp1252 actually) to copy filtered resources, i.e. build is platform dependent!
2023-10-24 12:50:39,613 [Worker-20] INFO  o.e.m.c.i.embedder.EclipseLogger - skip non existing resourceDirectory C:\Users\HP\Desktop\4to ciclo\lenguaje de programacion II\CL2\LPII_CL2_ORTIZCRUZNAYSHA\src\test\resources
2023-10-24 12:50:46,168 [Worker-37] WARN  o.e.m.c.i.embedder.EclipseLogger - Using platform encoding (Cp1252 actually) to copy filtered resources, i.e. build is platform dependent!
2023-10-24 12:50:46,168 [Worker-37] INFO  o.e.m.c.i.embedder.EclipseLogger - Copying 1 resource
2023-10-24 12:50:46,169 [Worker-37] WARN  o.e.m.c.i.embedder.EclipseLogger - Using platform encoding (Cp1252 actually) to copy filtered resources, i.e. build is platform dependent!
2023-10-24 12:50:46,170 [Worker-37] INFO  o.e.m.c.i.embedder.EclipseLogger - skip non existing resourceDirectory C:\Users\HP\Desktop\4to ciclo\lenguaje de programacion II\CL2\LPII_CL2_ORTIZCRUZNAYSHA\src\test\resources
2023-10-24 12:51:02,349 [Worker-42] WARN  o.e.m.c.i.embedder.EclipseLogger - Using platform encoding (Cp1252 actually) to copy filtered resources, i.e. build is platform dependent!
2023-10-24 12:51:02,350 [Worker-42] INFO  o.e.m.c.i.embedder.EclipseLogger - Copying 1 resource
2023-10-24 12:51:02,351 [Worker-42] WARN  o.e.m.c.i.embedder.EclipseLogger - Using platform encoding (Cp1252 actually) to copy filtered resources, i.e. build is platform dependent!
2023-10-24 12:51:02,352 [Worker-42] INFO  o.e.m.c.i.embedder.EclipseLogger - skip non existing resourceDirectory C:\Users\HP\Desktop\4to ciclo\lenguaje de programacion II\CL2\LPII_CL2_ORTIZCRUZNAYSHA\src\test\resources
2023-10-24 12:51:56,588 [Worker-20] WARN  o.e.m.c.i.embedder.EclipseLogger - Using platform encoding (Cp1252 actually) to copy filtered resources, i.e. build is platform dependent!
2023-10-24 12:51:56,590 [Worker-20] INFO  o.e.m.c.i.embedder.EclipseLogger - Copying 1 resource
2023-10-24 12:51:56,591 [Worker-20] WARN  o.e.m.c.i.embedder.EclipseLogger - Using platform encoding (Cp1252 actually) to copy filtered resources, i.e. build is platform dependent!
2023-10-24 12:51:56,592 [Worker-20] INFO  o.e.m.c.i.embedder.EclipseLogger - skip non existing resourceDirectory C:\Users\HP\Desktop\4to ciclo\lenguaje de programacion II\CL2\LPII_CL2_ORTIZCRUZNAYSHA\src\test\resources
2023-10-24 12:52:17,835 [Worker-22] WARN  o.e.m.c.i.embedder.EclipseLogger - Using platform encoding (Cp1252 actually) to copy filtered resources, i.e. build is platform dependent!
2023-10-24 12:52:17,836 [Worker-22] INFO  o.e.m.c.i.embedder.EclipseLogger - Copying 1 resource
2023-10-24 12:52:17,838 [Worker-22] WARN  o.e.m.c.i.embedder.EclipseLogger - Using platform encoding (Cp1252 actually) to copy filtered resources, i.e. build is platform dependent!
2023-10-24 12:52:17,839 [Worker-22] INFO  o.e.m.c.i.embedder.EclipseLogger - skip non existing resourceDirectory C:\Users\HP\Desktop\4to ciclo\lenguaje de programacion II\CL2\LPII_CL2_ORTIZCRUZNAYSHA\src\test\resources
2023-10-24 12:53:53,753 [Worker-42] WARN  o.e.m.c.i.embedder.EclipseLogger - Using platform encoding (Cp1252 actually) to copy filtered resources, i.e. build is platform dependent!
2023-10-24 12:53:53,754 [Worker-42] INFO  o.e.m.c.i.embedder.EclipseLogger - Copying 1 resource
2023-10-24 12:53:53,755 [Worker-42] WARN  o.e.m.c.i.embedder.EclipseLogger - Using platform encoding (Cp1252 actually) to copy filtered resources, i.e. build is platform dependent!
2023-10-24 12:53:53,756 [Worker-42] INFO  o.e.m.c.i.embedder.EclipseLogger - skip non existing resourceDirectory C:\Users\HP\Desktop\4to ciclo\lenguaje de programacion II\CL2\LPII_CL2_ORTIZCRUZNAYSHA\src\test\resources
2023-10-24 12:57:04,050 [Worker-43] WARN  o.e.m.c.i.embedder.EclipseLogger - Using platform encoding (Cp1252 actually) to copy filtered resources, i.e. build is platform dependent!
2023-10-24 12:57:04,051 [Worker-43] INFO  o.e.m.c.i.embedder.EclipseLogger - Copying 1 resource
2023-10-24 12:57:04,052 [Worker-43] WARN  o.e.m.c.i.embedder.EclipseLogger - Using platform encoding (Cp1252 actually) to copy filtered resources, i.e. build is platform dependent!
2023-10-24 12:57:04,053 [Worker-43] INFO  o.e.m.c.i.embedder.EclipseLogger - skip non existing resourceDirectory C:\Users\HP\Desktop\4to ciclo\lenguaje de programacion II\CL2\LPII_CL2_ORTIZCRUZNAYSHA\src\test\resources
2023-10-24 13:00:40,332 [Worker-37] WARN  o.e.m.c.i.embedder.EclipseLogger - Using platform encoding (Cp1252 actually) to copy filtered resources, i.e. build is platform dependent!
2023-10-24 13:00:40,334 [Worker-37] INFO  o.e.m.c.i.embedder.EclipseLogger - Copying 1 resource
2023-10-24 13:00:40,334 [Worker-37] WARN  o.e.m.c.i.embedder.EclipseLogger - Using platform encoding (Cp1252 actually) to copy filtered resources, i.e. build is platform dependent!
2023-10-24 13:00:40,335 [Worker-37] INFO  o.e.m.c.i.embedder.EclipseLogger - skip non existing resourceDirectory C:\Users\HP\Desktop\4to ciclo\lenguaje de programacion II\CL2\LPII_CL2_ORTIZCRUZNAYSHA\src\test\resources
2023-10-24 13:03:38,444 [Worker-44] WARN  o.e.m.c.i.embedder.EclipseLogger - Using platform encoding (Cp1252 actually) to copy filtered resources, i.e. build is platform dependent!
2023-10-24 13:03:38,446 [Worker-44] INFO  o.e.m.c.i.embedder.EclipseLogger - Copying 1 resource
2023-10-24 13:03:38,447 [Worker-44] WARN  o.e.m.c.i.embedder.EclipseLogger - Using platform encoding (Cp1252 actually) to copy filtered resources, i.e. build is platform dependent!
2023-10-24 13:03:38,447 [Worker-44] INFO  o.e.m.c.i.embedder.EclipseLogger - skip non existing resourceDirectory C:\Users\HP\Desktop\4to ciclo\lenguaje de programacion II\CL2\LPII_CL2_ORTIZCRUZNAYSHA\src\test\resources
2023-10-24 13:03:50,785 [Worker-37] WARN  o.e.m.c.i.embedder.EclipseLogger - Using platform encoding (Cp1252 actually) to copy filtered resources, i.e. build is platform dependent!
2023-10-24 13:03:50,786 [Worker-37] INFO  o.e.m.c.i.embedder.EclipseLogger - Copying 1 resource
2023-10-24 13:03:50,787 [Worker-37] WARN  o.e.m.c.i.embedder.EclipseLogger - Using platform encoding (Cp1252 actually) to copy filtered resources, i.e. build is platform dependent!
2023-10-24 13:03:50,788 [Worker-37] INFO  o.e.m.c.i.embedder.EclipseLogger - skip non existing resourceDirectory C:\Users\HP\Desktop\4to ciclo\lenguaje de programacion II\CL2\LPII_CL2_ORTIZCRUZNAYSHA\src\test\resources
2023-10-24 13:09:24,890 [Worker-22] WARN  o.e.m.c.i.embedder.EclipseLogger - Using platform encoding (Cp1252 actually) to copy filtered resources, i.e. build is platform dependent!
2023-10-24 13:09:24,891 [Worker-22] INFO  o.e.m.c.i.embedder.EclipseLogger - Copying 1 resource
2023-10-24 13:09:24,892 [Worker-22] WARN  o.e.m.c.i.embedder.EclipseLogger - Using platform encoding (Cp1252 actually) to copy filtered resources, i.e. build is platform dependent!
2023-10-24 13:09:24,893 [Worker-22] INFO  o.e.m.c.i.embedder.EclipseLogger - skip non existing resourceDirectory C:\Users\HP\Desktop\4to ciclo\lenguaje de programacion II\CL2\LPII_CL2_ORTIZCRUZNAYSHA\src\test\resources
2023-10-24 13:09:27,783 [Worker-22] WARN  o.e.m.c.i.embedder.EclipseLogger - Using platform encoding (Cp1252 actually) to copy filtered resources, i.e. build is platform dependent!
2023-10-24 13:09:27,784 [Worker-22] INFO  o.e.m.c.i.embedder.EclipseLogger - Copying 1 resource
2023-10-24 13:09:27,785 [Worker-22] WARN  o.e.m.c.i.embedder.EclipseLogger - Using platform encoding (Cp1252 actually) to copy filtered resources, i.e. build is platform dependent!
2023-10-24 13:09:27,786 [Worker-22] INFO  o.e.m.c.i.embedder.EclipseLogger - skip non existing resourceDirectory C:\Users\HP\Desktop\4to ciclo\lenguaje de programacion II\CL2\LPII_CL2_ORTIZCRUZNAYSHA\src\test\resources
2023-10-24 13:10:24,738 [Worker-46] WARN  o.e.m.c.i.embedder.EclipseLogger - Using platform encoding (Cp1252 actually) to copy filtered resources, i.e. build is platform dependent!
2023-10-24 13:10:24,739 [Worker-46] INFO  o.e.m.c.i.embedder.EclipseLogger - Copying 1 resource
2023-10-24 13:10:24,740 [Worker-46] WARN  o.e.m.c.i.embedder.EclipseLogger - Using platform encoding (Cp1252 actually) to copy filtered resources, i.e. build is platform dependent!
2023-10-24 13:10:24,741 [Worker-46] INFO  o.e.m.c.i.embedder.EclipseLogger - skip non existing resourceDirectory C:\Users\HP\Desktop\4to ciclo\lenguaje de programacion II\CL2\LPII_CL2_ORTIZCRUZNAYSHA\src\test\resources
2023-10-24 13:10:58,901 [Worker-48] WARN  o.e.m.c.i.embedder.EclipseLogger - Using platform encoding (Cp1252 actually) to copy filtered resources, i.e. build is platform dependent!
2023-10-24 13:10:58,902 [Worker-48] INFO  o.e.m.c.i.embedder.EclipseLogger - Copying 1 resource
2023-10-24 13:10:58,903 [Worker-48] WARN  o.e.m.c.i.embedder.EclipseLogger - Using platform encoding (Cp1252 actually) to copy filtered resources, i.e. build is platform dependent!
2023-10-24 13:10:58,904 [Worker-48] INFO  o.e.m.c.i.embedder.EclipseLogger - skip non existing resourceDirectory C:\Users\HP\Desktop\4to ciclo\lenguaje de programacion II\CL2\LPII_CL2_ORTIZCRUZNAYSHA\src\test\resources
2023-10-24 13:22:59,014 [Worker-47] WARN  o.e.m.c.i.embedder.EclipseLogger - Using platform encoding (Cp1252 actually) to copy filtered resources, i.e. build is platform dependent!
2023-10-24 13:22:59,015 [Worker-47] INFO  o.e.m.c.i.embedder.EclipseLogger - Copying 1 resource
2023-10-24 13:22:59,016 [Worker-47] WARN  o.e.m.c.i.embedder.EclipseLogger - Using platform encoding (Cp1252 actually) to copy filtered resources, i.e. build is platform dependent!
2023-10-24 13:22:59,018 [Worker-47] INFO  o.e.m.c.i.embedder.EclipseLogger - skip non existing resourceDirectory C:\Users\HP\Desktop\4to ciclo\lenguaje de programacion II\CL2\LPII_CL2_ORTIZCRUZNAYSHA\src\test\resources
2023-10-24 13:29:14,922 [Worker-47] WARN  o.e.m.c.i.embedder.EclipseLogger - Using platform encoding (Cp1252 actually) to copy filtered resources, i.e. build is platform dependent!
2023-10-24 13:29:14,923 [Worker-47] INFO  o.e.m.c.i.embedder.EclipseLogger - Copying 1 resource
2023-10-24 13:29:14,924 [Worker-47] WARN  o.e.m.c.i.embedder.EclipseLogger - Using platform encoding (Cp1252 actually) to copy filtered resources, i.e. build is platform dependent!
2023-10-24 13:29:14,925 [Worker-47] INFO  o.e.m.c.i.embedder.EclipseLogger - skip non existing resourceDirectory C:\Users\HP\Desktop\4to ciclo\lenguaje de programacion II\CL2\LPII_CL2_ORTIZCRUZNAYSHA\src\test\resources
2023-10-24 13:31:44,167 [Worker-56] WARN  o.e.m.c.i.embedder.EclipseLogger - Using platform encoding (Cp1252 actually) to copy filtered resources, i.e. build is platform dependent!
2023-10-24 13:31:44,167 [Worker-56] INFO  o.e.m.c.i.embedder.EclipseLogger - Copying 1 resource
2023-10-24 13:31:44,168 [Worker-56] WARN  o.e.m.c.i.embedder.EclipseLogger - Using platform encoding (Cp1252 actually) to copy filtered resources, i.e. build is platform dependent!
2023-10-24 13:31:44,169 [Worker-56] INFO  o.e.m.c.i.embedder.EclipseLogger - skip non existing resourceDirectory C:\Users\HP\Desktop\4to ciclo\lenguaje de programacion II\CL2\LPII_CL2_ORTIZCRUZNAYSHA\src\test\resources
2023-10-24 13:31:52,125 [Worker-56] WARN  o.e.m.c.i.embedder.EclipseLogger - Using platform encoding (Cp1252 actually) to copy filtered resources, i.e. build is platform dependent!
2023-10-24 13:31:52,127 [Worker-56] INFO  o.e.m.c.i.embedder.EclipseLogger - Copying 1 resource
2023-10-24 13:31:52,128 [Worker-56] WARN  o.e.m.c.i.embedder.EclipseLogger - Using platform encoding (Cp1252 actually) to copy filtered resources, i.e. build is platform dependent!
2023-10-24 13:31:52,129 [Worker-56] INFO  o.e.m.c.i.embedder.EclipseLogger - skip non existing resourceDirectory C:\Users\HP\Desktop\4to ciclo\lenguaje de programacion II\CL2\LPII_CL2_ORTIZCRUZNAYSHA\src\test\resources
2023-10-24 13:32:53,194 [Worker-54] WARN  o.e.m.c.i.embedder.EclipseLogger - Using platform encoding (Cp1252 actually) to copy filtered resources, i.e. build is platform dependent!
2023-10-24 13:32:53,195 [Worker-54] INFO  o.e.m.c.i.embedder.EclipseLogger - Copying 1 resource
2023-10-24 13:32:53,196 [Worker-54] WARN  o.e.m.c.i.embedder.EclipseLogger - Using platform encoding (Cp1252 actually) to copy filtered resources, i.e. build is platform dependent!
2023-10-24 13:32:53,197 [Worker-54] INFO  o.e.m.c.i.embedder.EclipseLogger - skip non existing resourceDirectory C:\Users\HP\Desktop\4to ciclo\lenguaje de programacion II\CL2\LPII_CL2_ORTIZCRUZNAYSHA\src\test\resources
2023-10-24 13:33:19,210 [Worker-46] WARN  o.e.m.c.i.embedder.EclipseLogger - Using platform encoding (Cp1252 actually) to copy filtered resources, i.e. build is platform dependent!
2023-10-24 13:33:19,211 [Worker-46] INFO  o.e.m.c.i.embedder.EclipseLogger - Copying 1 resource
2023-10-24 13:33:19,212 [Worker-46] WARN  o.e.m.c.i.embedder.EclipseLogger - Using platform encoding (Cp1252 actually) to copy filtered resources, i.e. build is platform dependent!
2023-10-24 13:33:19,212 [Worker-46] INFO  o.e.m.c.i.embedder.EclipseLogger - skip non existing resourceDirectory C:\Users\HP\Desktop\4to ciclo\lenguaje de programacion II\CL2\LPII_CL2_ORTIZCRUZNAYSHA\src\test\resources
2023-10-24 13:35:22,266 [Worker-46] WARN  o.e.m.c.i.embedder.EclipseLogger - Using platform encoding (Cp1252 actually) to copy filtered resources, i.e. build is platform dependent!
2023-10-24 13:35:22,266 [Worker-46] INFO  o.e.m.c.i.embedder.EclipseLogger - Copying 1 resource
2023-10-24 13:35:22,266 [Worker-46] WARN  o.e.m.c.i.embedder.EclipseLogger - Using platform encoding (Cp1252 actually) to copy filtered resources, i.e. build is platform dependent!
2023-10-24 13:35:22,268 [Worker-46] INFO  o.e.m.c.i.embedder.EclipseLogger - skip non existing resourceDirectory C:\Users\HP\Desktop\4to ciclo\lenguaje de programacion II\CL2\LPII_CL2_ORTIZCRUZNAYSHA\src\test\resources
2023-10-24 13:44:35,551 [Worker-47] WARN  o.e.m.c.i.embedder.EclipseLogger - Using platform encoding (Cp1252 actually) to copy filtered resources, i.e. build is platform dependent!
2023-10-24 13:44:35,552 [Worker-47] INFO  o.e.m.c.i.embedder.EclipseLogger - Copying 0 resource
2023-10-24 13:44:35,553 [Worker-47] WARN  o.e.m.c.i.embedder.EclipseLogger - Using platform encoding (Cp1252 actually) to copy filtered resources, i.e. build is platform dependent!
2023-10-24 13:44:35,554 [Worker-47] INFO  o.e.m.c.i.embedder.EclipseLogger - skip non existing resourceDirectory C:\Users\HP\Desktop\4to ciclo\lenguaje de programacion II\CL2\LPII_CL2_ORTIZCRUZNAYSHA\src\test\resources
2023-10-24 13:50:50,451 [Worker-61] WARN  o.e.m.c.i.embedder.EclipseLogger - Using platform encoding (Cp1252 actually) to copy filtered resources, i.e. build is platform dependent!
2023-10-24 13:50:50,452 [Worker-61] INFO  o.e.m.c.i.embedder.EclipseLogger - Copying 1 resource
2023-10-24 13:50:50,454 [Worker-61] WARN  o.e.m.c.i.embedder.EclipseLogger - Using platform encoding (Cp1252 actually) to copy filtered resources, i.e. build is platform dependent!
2023-10-24 13:50:50,454 [Worker-61] INFO  o.e.m.c.i.embedder.EclipseLogger - skip non existing resourceDirectory C:\Users\HP\Desktop\4to ciclo\lenguaje de programacion II\CL2\LPII_CL2_ORTIZCRUZNAYSHA\src\test\resources
2023-10-24 13:51:38,011 [Worker-47] WARN  o.e.m.c.i.embedder.EclipseLogger - Using platform encoding (Cp1252 actually) to copy filtered resources, i.e. build is platform dependent!
2023-10-24 13:51:38,012 [Worker-47] INFO  o.e.m.c.i.embedder.EclipseLogger - Copying 1 resource
2023-10-24 13:51:38,013 [Worker-47] WARN  o.e.m.c.i.embedder.EclipseLogger - Using platform encoding (Cp1252 actually) to copy filtered resources, i.e. build is platform dependent!
2023-10-24 13:51:38,014 [Worker-47] INFO  o.e.m.c.i.embedder.EclipseLogger - skip non existing resourceDirectory C:\Users\HP\Desktop\4to ciclo\lenguaje de programacion II\CL2\LPII_CL2_ORTIZCRUZNAYSHA\src\test\resources
2023-10-24 13:54:28,802 [Worker-47] WARN  o.e.m.c.i.embedder.EclipseLogger - Using platform encoding (Cp1252 actually) to copy filtered resources, i.e. build is platform dependent!
2023-10-24 13:54:28,803 [Worker-47] INFO  o.e.m.c.i.embedder.EclipseLogger - Copying 1 resource
2023-10-24 13:54:28,804 [Worker-47] WARN  o.e.m.c.i.embedder.EclipseLogger - Using platform encoding (Cp1252 actually) to copy filtered resources, i.e. build is platform dependent!
2023-10-24 13:54:28,804 [Worker-47] INFO  o.e.m.c.i.embedder.EclipseLogger - skip non existing resourceDirectory C:\Users\HP\Desktop\4to ciclo\lenguaje de programacion II\CL2\LPII_CL2_ORTIZCRUZNAYSHA\src\test\resources
2023-10-24 13:55:05,065 [Worker-66] WARN  o.e.m.c.i.embedder.EclipseLogger - Using platform encoding (Cp1252 actually) to copy filtered resources, i.e. build is platform dependent!
2023-10-24 13:55:05,066 [Worker-66] INFO  o.e.m.c.i.embedder.EclipseLogger - Copying 1 resource
2023-10-24 13:55:05,067 [Worker-66] WARN  o.e.m.c.i.embedder.EclipseLogger - Using platform encoding (Cp1252 actually) to copy filtered resources, i.e. build is platform dependent!
2023-10-24 13:55:05,069 [Worker-66] INFO  o.e.m.c.i.embedder.EclipseLogger - skip non existing resourceDirectory C:\Users\HP\Desktop\4to ciclo\lenguaje de programacion II\CL2\LPII_CL2_ORTIZCRUZNAYSHA\src\test\resources
2023-10-24 13:55:42,262 [Worker-67] WARN  o.e.m.c.i.embedder.EclipseLogger - Using platform encoding (Cp1252 actually) to copy filtered resources, i.e. build is platform dependent!
2023-10-24 13:55:42,263 [Worker-67] INFO  o.e.m.c.i.embedder.EclipseLogger - Copying 1 resource
2023-10-24 13:55:42,264 [Worker-67] WARN  o.e.m.c.i.embedder.EclipseLogger - Using platform encoding (Cp1252 actually) to copy filtered resources, i.e. build is platform dependent!
2023-10-24 13:55:42,265 [Worker-67] INFO  o.e.m.c.i.embedder.EclipseLogger - skip non existing resourceDirectory C:\Users\HP\Desktop\4to ciclo\lenguaje de programacion II\CL2\LPII_CL2_ORTIZCRUZNAYSHA\src\test\resources
2023-10-24 13:58:43,718 [Worker-66] WARN  o.e.m.c.i.embedder.EclipseLogger - Using platform encoding (Cp1252 actually) to copy filtered resources, i.e. build is platform dependent!
2023-10-24 13:58:43,720 [Worker-66] INFO  o.e.m.c.i.embedder.EclipseLogger - Copying 0 resource
2023-10-24 13:58:43,721 [Worker-66] WARN  o.e.m.c.i.embedder.EclipseLogger - Using platform encoding (Cp1252 actually) to copy filtered resources, i.e. build is platform dependent!
2023-10-24 13:58:43,722 [Worker-66] INFO  o.e.m.c.i.embedder.EclipseLogger - skip non existing resourceDirectory C:\Users\HP\Desktop\4to ciclo\lenguaje de programacion II\CL2\LPII_CL2_ORTIZCRUZNAYSHA\src\test\resources
2023-10-24 13:59:10,838 [Worker-68] WARN  o.e.m.c.i.embedder.EclipseLogger - Using platform encoding (Cp1252 actually) to copy filtered resources, i.e. build is platform dependent!
2023-10-24 13:59:10,839 [Worker-68] INFO  o.e.m.c.i.embedder.EclipseLogger - Copying 0 resource
2023-10-24 13:59:10,839 [Worker-68] WARN  o.e.m.c.i.embedder.EclipseLogger - Using platform encoding (Cp1252 actually) to copy filtered resources, i.e. build is platform dependent!
2023-10-24 13:59:10,840 [Worker-68] INFO  o.e.m.c.i.embedder.EclipseLogger - skip non existing resourceDirectory C:\Users\HP\Desktop\4to ciclo\lenguaje de programacion II\CL2\LPII_CL2_ORTIZCRUZNAYSHA\src\test\resources
2023-10-24 14:00:32,212 [Worker-47] WARN  o.e.m.c.i.embedder.EclipseLogger - Using platform encoding (Cp1252 actually) to copy filtered resources, i.e. build is platform dependent!
2023-10-24 14:00:32,213 [Worker-47] INFO  o.e.m.c.i.embedder.EclipseLogger - Copying 0 resource
2023-10-24 14:00:32,214 [Worker-47] WARN  o.e.m.c.i.embedder.EclipseLogger - Using platform encoding (Cp1252 actually) to copy filtered resources, i.e. build is platform dependent!
2023-10-24 14:00:32,214 [Worker-47] INFO  o.e.m.c.i.embedder.EclipseLogger - skip non existing resourceDirectory C:\Users\HP\Desktop\4to ciclo\lenguaje de programacion II\CL2\LPII_CL2_ORTIZCRUZNAYSHA\src\test\resources
2023-10-24 14:01:44,232 [Worker-71] WARN  o.e.m.c.i.embedder.EclipseLogger - Using platform encoding (Cp1252 actually) to copy filtered resources, i.e. build is platform dependent!
2023-10-24 14:01:44,233 [Worker-71] INFO  o.e.m.c.i.embedder.EclipseLogger - Copying 0 resource
2023-10-24 14:01:44,235 [Worker-71] WARN  o.e.m.c.i.embedder.EclipseLogger - Using platform encoding (Cp1252 actually) to copy filtered resources, i.e. build is platform dependent!
2023-10-24 14:01:44,235 [Worker-71] INFO  o.e.m.c.i.embedder.EclipseLogger - skip non existing resourceDirectory C:\Users\HP\Desktop\4to ciclo\lenguaje de programacion II\CL2\LPII_CL2_ORTIZCRUZNAYSHA\src\test\resources
2023-10-24 14:01:58,494 [Worker-66] WARN  o.e.m.c.i.embedder.EclipseLogger - Using platform encoding (Cp1252 actually) to copy filtered resources, i.e. build is platform dependent!
2023-10-24 14:01:58,495 [Worker-66] INFO  o.e.m.c.i.embedder.EclipseLogger - Copying 0 resource
2023-10-24 14:01:58,496 [Worker-66] WARN  o.e.m.c.i.embedder.EclipseLogger - Using platform encoding (Cp1252 actually) to copy filtered resources, i.e. build is platform dependent!
2023-10-24 14:01:58,497 [Worker-66] INFO  o.e.m.c.i.embedder.EclipseLogger - skip non existing resourceDirectory C:\Users\HP\Desktop\4to ciclo\lenguaje de programacion II\CL2\LPII_CL2_ORTIZCRUZNAYSHA\src\test\resources
2023-10-24 14:02:12,427 [Worker-65] WARN  o.e.m.c.i.embedder.EclipseLogger - Using platform encoding (Cp1252 actually) to copy filtered resources, i.e. build is platform dependent!
2023-10-24 14:02:12,428 [Worker-65] INFO  o.e.m.c.i.embedder.EclipseLogger - Copying 0 resource
2023-10-24 14:02:12,429 [Worker-65] WARN  o.e.m.c.i.embedder.EclipseLogger - Using platform encoding (Cp1252 actually) to copy filtered resources, i.e. build is platform dependent!
2023-10-24 14:02:12,429 [Worker-65] INFO  o.e.m.c.i.embedder.EclipseLogger - skip non existing resourceDirectory C:\Users\HP\Desktop\4to ciclo\lenguaje de programacion II\CL2\LPII_CL2_ORTIZCRUZNAYSHA\src\test\resources
2023-10-24 14:02:51,461 [Worker-65] WARN  o.e.m.c.i.embedder.EclipseLogger - Using platform encoding (Cp1252 actually) to copy filtered resources, i.e. build is platform dependent!
2023-10-24 14:02:51,463 [Worker-65] INFO  o.e.m.c.i.embedder.EclipseLogger - Copying 0 resource
2023-10-24 14:02:51,464 [Worker-65] WARN  o.e.m.c.i.embedder.EclipseLogger - Using platform encoding (Cp1252 actually) to copy filtered resources, i.e. build is platform dependent!
2023-10-24 14:02:51,465 [Worker-65] INFO  o.e.m.c.i.embedder.EclipseLogger - skip non existing resourceDirectory C:\Users\HP\Desktop\4to ciclo\lenguaje de programacion II\CL2\LPII_CL2_ORTIZCRUZNAYSHA\src\test\resources
2023-10-24 14:03:29,886 [Worker-57] WARN  o.e.m.c.i.embedder.EclipseLogger - Using platform encoding (Cp1252 actually) to copy filtered resources, i.e. build is platform dependent!
2023-10-24 14:03:29,887 [Worker-57] INFO  o.e.m.c.i.embedder.EclipseLogger - Copying 0 resource
2023-10-24 14:03:29,888 [Worker-57] WARN  o.e.m.c.i.embedder.EclipseLogger - Using platform encoding (Cp1252 actually) to copy filtered resources, i.e. build is platform dependent!
2023-10-24 14:03:29,889 [Worker-57] INFO  o.e.m.c.i.embedder.EclipseLogger - skip non existing resourceDirectory C:\Users\HP\Desktop\4to ciclo\lenguaje de programacion II\CL2\LPII_CL2_ORTIZCRUZNAYSHA\src\test\resources
2023-10-24 14:04:17,081 [Worker-67] WARN  o.e.m.c.i.embedder.EclipseLogger - Using platform encoding (Cp1252 actually) to copy filtered resources, i.e. build is platform dependent!
2023-10-24 14:04:17,082 [Worker-67] INFO  o.e.m.c.i.embedder.EclipseLogger - Copying 0 resource
2023-10-24 14:04:17,082 [Worker-67] WARN  o.e.m.c.i.embedder.EclipseLogger - Using platform encoding (Cp1252 actually) to copy filtered resources, i.e. build is platform dependent!
2023-10-24 14:04:17,084 [Worker-67] INFO  o.e.m.c.i.embedder.EclipseLogger - skip non existing resourceDirectory C:\Users\HP\Desktop\4to ciclo\lenguaje de programacion II\CL2\LPII_CL2_ORTIZCRUZNAYSHA\src\test\resources
2023-10-24 14:06:50,843 [Worker-29] WARN  o.e.m.c.i.embedder.EclipseLogger - Using platform encoding (Cp1252 actually) to copy filtered resources, i.e. build is platform dependent!
2023-10-24 14:06:50,844 [Worker-29] INFO  o.e.m.c.i.embedder.EclipseLogger - Copying 0 resource
2023-10-24 14:06:50,845 [Worker-29] WARN  o.e.m.c.i.embedder.EclipseLogger - Using platform encoding (Cp1252 actually) to copy filtered resources, i.e. build is platform dependent!
2023-10-24 14:06:50,846 [Worker-29] INFO  o.e.m.c.i.embedder.EclipseLogger - skip non existing resourceDirectory C:\Users\HP\Desktop\4to ciclo\lenguaje de programacion II\CL2\LPII_CL2_ORTIZCRUZNAYSHA\src\test\resources
2023-10-24 14:07:11,775 [Worker-47] WARN  o.e.m.c.i.embedder.EclipseLogger - Using platform encoding (Cp1252 actually) to copy filtered resources, i.e. build is platform dependent!
2023-10-24 14:07:11,776 [Worker-47] INFO  o.e.m.c.i.embedder.EclipseLogger - Copying 0 resource
2023-10-24 14:07:11,777 [Worker-47] WARN  o.e.m.c.i.embedder.EclipseLogger - Using platform encoding (Cp1252 actually) to copy filtered resources, i.e. build is platform dependent!
2023-10-24 14:07:11,778 [Worker-47] INFO  o.e.m.c.i.embedder.EclipseLogger - skip non existing resourceDirectory C:\Users\HP\Desktop\4to ciclo\lenguaje de programacion II\CL2\LPII_CL2_ORTIZCRUZNAYSHA\src\test\resources
2023-10-24 14:08:57,893 [Worker-75] WARN  o.e.m.c.i.embedder.EclipseLogger - Using platform encoding (Cp1252 actually) to copy filtered resources, i.e. build is platform dependent!
2023-10-24 14:08:57,895 [Worker-75] INFO  o.e.m.c.i.embedder.EclipseLogger - Copying 0 resource
2023-10-24 14:08:57,896 [Worker-75] WARN  o.e.m.c.i.embedder.EclipseLogger - Using platform encoding (Cp1252 actually) to copy filtered resources, i.e. build is platform dependent!
2023-10-24 14:08:57,897 [Worker-75] INFO  o.e.m.c.i.embedder.EclipseLogger - skip non existing resourceDirectory C:\Users\HP\Desktop\4to ciclo\lenguaje de programacion II\CL2\LPII_CL2_ORTIZCRUZNAYSHA\src\test\resources
2023-10-24 14:09:42,736 [Worker-47] WARN  o.e.m.c.i.embedder.EclipseLogger - Using platform encoding (Cp1252 actually) to copy filtered resources, i.e. build is platform dependent!
2023-10-24 14:09:42,737 [Worker-47] INFO  o.e.m.c.i.embedder.EclipseLogger - Copying 0 resource
2023-10-24 14:09:42,738 [Worker-47] WARN  o.e.m.c.i.embedder.EclipseLogger - Using platform encoding (Cp1252 actually) to copy filtered resources, i.e. build is platform dependent!
2023-10-24 14:09:42,739 [Worker-47] INFO  o.e.m.c.i.embedder.EclipseLogger - skip non existing resourceDirectory C:\Users\HP\Desktop\4to ciclo\lenguaje de programacion II\CL2\LPII_CL2_ORTIZCRUZNAYSHA\src\test\resources
2023-10-24 14:09:56,366 [Worker-77] WARN  o.e.m.c.i.embedder.EclipseLogger - Using platform encoding (Cp1252 actually) to copy filtered resources, i.e. build is platform dependent!
2023-10-24 14:09:56,367 [Worker-77] INFO  o.e.m.c.i.embedder.EclipseLogger - Copying 0 resource
2023-10-24 14:09:56,368 [Worker-77] WARN  o.e.m.c.i.embedder.EclipseLogger - Using platform encoding (Cp1252 actually) to copy filtered resources, i.e. build is platform dependent!
2023-10-24 14:09:56,369 [Worker-77] INFO  o.e.m.c.i.embedder.EclipseLogger - skip non existing resourceDirectory C:\Users\HP\Desktop\4to ciclo\lenguaje de programacion II\CL2\LPII_CL2_ORTIZCRUZNAYSHA\src\test\resources
2023-10-24 14:11:27,857 [Worker-74] WARN  o.e.m.c.i.embedder.EclipseLogger - Using platform encoding (Cp1252 actually) to copy filtered resources, i.e. build is platform dependent!
2023-10-24 14:11:27,859 [Worker-74] INFO  o.e.m.c.i.embedder.EclipseLogger - Copying 0 resource
2023-10-24 14:11:27,860 [Worker-74] WARN  o.e.m.c.i.embedder.EclipseLogger - Using platform encoding (Cp1252 actually) to copy filtered resources, i.e. build is platform dependent!
2023-10-24 14:11:27,862 [Worker-74] INFO  o.e.m.c.i.embedder.EclipseLogger - skip non existing resourceDirectory C:\Users\HP\Desktop\4to ciclo\lenguaje de programacion II\CL2\LPII_CL2_ORTIZCRUZNAYSHA\src\test\resources
2023-10-24 14:12:24,953 [Worker-72] WARN  o.e.m.c.i.embedder.EclipseLogger - Using platform encoding (Cp1252 actually) to copy filtered resources, i.e. build is platform dependent!
2023-10-24 14:12:24,954 [Worker-72] INFO  o.e.m.c.i.embedder.EclipseLogger - Copying 0 resource
2023-10-24 14:12:24,955 [Worker-72] WARN  o.e.m.c.i.embedder.EclipseLogger - Using platform encoding (Cp1252 actually) to copy filtered resources, i.e. build is platform dependent!
2023-10-24 14:12:24,956 [Worker-72] INFO  o.e.m.c.i.embedder.EclipseLogger - skip non existing resourceDirectory C:\Users\HP\Desktop\4to ciclo\lenguaje de programacion II\CL2\LPII_CL2_ORTIZCRUZNAYSHA\src\test\resources
2023-10-24 14:13:55,006 [Worker-47] WARN  o.e.m.c.i.embedder.EclipseLogger - Using platform encoding (Cp1252 actually) to copy filtered resources, i.e. build is platform dependent!
2023-10-24 14:13:55,007 [Worker-47] INFO  o.e.m.c.i.embedder.EclipseLogger - Copying 1 resource
2023-10-24 14:13:55,008 [Worker-47] WARN  o.e.m.c.i.embedder.EclipseLogger - Using platform encoding (Cp1252 actually) to copy filtered resources, i.e. build is platform dependent!
2023-10-24 14:13:55,008 [Worker-47] INFO  o.e.m.c.i.embedder.EclipseLogger - skip non existing resourceDirectory C:\Users\HP\Desktop\4to ciclo\lenguaje de programacion II\CL2\LPII_CL2_ORTIZCRUZNAYSHA\src\test\resources
2023-10-24 14:14:59,028 [Worker-65] WARN  o.e.m.c.i.embedder.EclipseLogger - Using platform encoding (Cp1252 actually) to copy filtered resources, i.e. build is platform dependent!
2023-10-24 14:14:59,029 [Worker-65] INFO  o.e.m.c.i.embedder.EclipseLogger - Copying 1 resource
2023-10-24 14:14:59,029 [Worker-65] WARN  o.e.m.c.i.embedder.EclipseLogger - Using platform encoding (Cp1252 actually) to copy filtered resources, i.e. build is platform dependent!
2023-10-24 14:14:59,030 [Worker-65] INFO  o.e.m.c.i.embedder.EclipseLogger - skip non existing resourceDirectory C:\Users\HP\Desktop\4to ciclo\lenguaje de programacion II\CL2\LPII_CL2_ORTIZCRUZNAYSHA\src\test\resources
2023-10-24 14:19:01,586 [Worker-75] WARN  o.e.m.c.i.embedder.EclipseLogger - Using platform encoding (Cp1252 actually) to copy filtered resources, i.e. build is platform dependent!
2023-10-24 14:19:01,587 [Worker-75] INFO  o.e.m.c.i.embedder.EclipseLogger - Copying 1 resource
2023-10-24 14:19:01,588 [Worker-75] WARN  o.e.m.c.i.embedder.EclipseLogger - Using platform encoding (Cp1252 actually) to copy filtered resources, i.e. build is platform dependent!
2023-10-24 14:19:01,590 [Worker-75] INFO  o.e.m.c.i.embedder.EclipseLogger - skip non existing resourceDirectory C:\Users\HP\Desktop\4to ciclo\lenguaje de programacion II\CL2\LPII_CL2_ORTIZCRUZNAYSHA\src\test\resources
2023-10-24 14:19:45,098 [Worker-75] WARN  o.e.m.c.i.embedder.EclipseLogger - Using platform encoding (Cp1252 actually) to copy filtered resources, i.e. build is platform dependent!
2023-10-24 14:19:45,100 [Worker-75] INFO  o.e.m.c.i.embedder.EclipseLogger - Copying 1 resource
2023-10-24 14:19:45,101 [Worker-75] WARN  o.e.m.c.i.embedder.EclipseLogger - Using platform encoding (Cp1252 actually) to copy filtered resources, i.e. build is platform dependent!
2023-10-24 14:19:45,102 [Worker-75] INFO  o.e.m.c.i.embedder.EclipseLogger - skip non existing resourceDirectory C:\Users\HP\Desktop\4to ciclo\lenguaje de programacion II\CL2\LPII_CL2_ORTIZCRUZNAYSHA\src\test\resources
2023-10-24 14:22:30,486 [Worker-47] WARN  o.e.m.c.i.embedder.EclipseLogger - Using platform encoding (Cp1252 actually) to copy filtered resources, i.e. build is platform dependent!
2023-10-24 14:22:30,488 [Worker-47] INFO  o.e.m.c.i.embedder.EclipseLogger - Copying 1 resource
2023-10-24 14:22:30,489 [Worker-47] WARN  o.e.m.c.i.embedder.EclipseLogger - Using platform encoding (Cp1252 actually) to copy filtered resources, i.e. build is platform dependent!
2023-10-24 14:22:30,490 [Worker-47] INFO  o.e.m.c.i.embedder.EclipseLogger - skip non existing resourceDirectory C:\Users\HP\Desktop\4to ciclo\lenguaje de programacion II\CL2\LPII_CL2_ORTIZCRUZNAYSHA\src\test\resources
2023-10-24 14:23:36,052 [Worker-47] WARN  o.e.m.c.i.embedder.EclipseLogger - Using platform encoding (Cp1252 actually) to copy filtered resources, i.e. build is platform dependent!
2023-10-24 14:23:36,054 [Worker-47] INFO  o.e.m.c.i.embedder.EclipseLogger - Copying 1 resource
2023-10-24 14:23:36,054 [Worker-47] WARN  o.e.m.c.i.embedder.EclipseLogger - Using platform encoding (Cp1252 actually) to copy filtered resources, i.e. build is platform dependent!
2023-10-24 14:23:36,055 [Worker-47] INFO  o.e.m.c.i.embedder.EclipseLogger - skip non existing resourceDirectory C:\Users\HP\Desktop\4to ciclo\lenguaje de programacion II\CL2\LPII_CL2_ORTIZCRUZNAYSHA\src\test\resources
2023-10-24 14:25:04,782 [Worker-65] WARN  o.e.m.c.i.embedder.EclipseLogger - Using platform encoding (Cp1252 actually) to copy filtered resources, i.e. build is platform dependent!
2023-10-24 14:25:04,783 [Worker-65] INFO  o.e.m.c.i.embedder.EclipseLogger - Copying 1 resource
2023-10-24 14:25:04,783 [Worker-65] WARN  o.e.m.c.i.embedder.EclipseLogger - Using platform encoding (Cp1252 actually) to copy filtered resources, i.e. build is platform dependent!
2023-10-24 14:25:04,784 [Worker-65] INFO  o.e.m.c.i.embedder.EclipseLogger - skip non existing resourceDirectory C:\Users\HP\Desktop\4to ciclo\lenguaje de programacion II\CL2\LPII_CL2_ORTIZCRUZNAYSHA\src\test\resources
2023-10-24 14:25:12,252 [Worker-29] WARN  o.e.m.c.i.embedder.EclipseLogger - Using platform encoding (Cp1252 actually) to copy filtered resources, i.e. build is platform dependent!
2023-10-24 14:25:12,253 [Worker-29] INFO  o.e.m.c.i.embedder.EclipseLogger - Copying 1 resource
2023-10-24 14:25:12,254 [Worker-29] WARN  o.e.m.c.i.embedder.EclipseLogger - Using platform encoding (Cp1252 actually) to copy filtered resources, i.e. build is platform dependent!
2023-10-24 14:25:12,255 [Worker-29] INFO  o.e.m.c.i.embedder.EclipseLogger - skip non existing resourceDirectory C:\Users\HP\Desktop\4to ciclo\lenguaje de programacion II\CL2\LPII_CL2_ORTIZCRUZNAYSHA\src\test\resources
2023-10-24 14:25:48,508 [Worker-74] WARN  o.e.m.c.i.embedder.EclipseLogger - Using platform encoding (Cp1252 actually) to copy filtered resources, i.e. build is platform dependent!
2023-10-24 14:25:48,509 [Worker-74] INFO  o.e.m.c.i.embedder.EclipseLogger - Copying 1 resource
2023-10-24 14:25:48,510 [Worker-74] WARN  o.e.m.c.i.embedder.EclipseLogger - Using platform encoding (Cp1252 actually) to copy filtered resources, i.e. build is platform dependent!
2023-10-24 14:25:48,511 [Worker-74] INFO  o.e.m.c.i.embedder.EclipseLogger - skip non existing resourceDirectory C:\Users\HP\Desktop\4to ciclo\lenguaje de programacion II\CL2\LPII_CL2_ORTIZCRUZNAYSHA\src\test\resources
2023-10-24 14:29:53,462 [Worker-74] WARN  o.e.m.c.i.embedder.EclipseLogger - Using platform encoding (Cp1252 actually) to copy filtered resources, i.e. build is platform dependent!
2023-10-24 14:29:53,464 [Worker-74] INFO  o.e.m.c.i.embedder.EclipseLogger - Copying 0 resource
2023-10-24 14:29:53,465 [Worker-74] WARN  o.e.m.c.i.embedder.EclipseLogger - Using platform encoding (Cp1252 actually) to copy filtered resources, i.e. build is platform dependent!
2023-10-24 14:29:53,466 [Worker-74] INFO  o.e.m.c.i.embedder.EclipseLogger - skip non existing resourceDirectory C:\Users\HP\Desktop\4to ciclo\lenguaje de programacion II\CL2\LPII_CL2_ORTIZCRUZNAYSHA\src\test\resources
2023-10-24 14:30:46,732 [Worker-68] WARN  o.e.m.c.i.embedder.EclipseLogger - Using platform encoding (Cp1252 actually) to copy filtered resources, i.e. build is platform dependent!
2023-10-24 14:30:46,744 [Worker-68] INFO  o.e.m.c.i.embedder.EclipseLogger - Copying 0 resource
2023-10-24 14:30:46,745 [Worker-68] WARN  o.e.m.c.i.embedder.EclipseLogger - Using platform encoding (Cp1252 actually) to copy filtered resources, i.e. build is platform dependent!
2023-10-24 14:30:46,745 [Worker-68] INFO  o.e.m.c.i.embedder.EclipseLogger - skip non existing resourceDirectory C:\Users\HP\Desktop\4to ciclo\lenguaje de programacion II\CL2\LPII_CL2_ORTIZCRUZNAYSHA\src\test\resources
2023-10-24 14:31:14,507 [Worker-74] WARN  o.e.m.c.i.embedder.EclipseLogger - Using platform encoding (Cp1252 actually) to copy filtered resources, i.e. build is platform dependent!
2023-10-24 14:31:14,508 [Worker-74] INFO  o.e.m.c.i.embedder.EclipseLogger - Copying 0 resource
2023-10-24 14:31:14,509 [Worker-74] WARN  o.e.m.c.i.embedder.EclipseLogger - Using platform encoding (Cp1252 actually) to copy filtered resources, i.e. build is platform dependent!
2023-10-24 14:31:14,510 [Worker-74] INFO  o.e.m.c.i.embedder.EclipseLogger - skip non existing resourceDirectory C:\Users\HP\Desktop\4to ciclo\lenguaje de programacion II\CL2\LPII_CL2_ORTIZCRUZNAYSHA\src\test\resources
2023-10-24 14:31:38,328 [Worker-68] WARN  o.e.m.c.i.embedder.EclipseLogger - Using platform encoding (Cp1252 actually) to copy filtered resources, i.e. build is platform dependent!
2023-10-24 14:31:38,329 [Worker-68] INFO  o.e.m.c.i.embedder.EclipseLogger - Copying 0 resource
2023-10-24 14:31:38,329 [Worker-68] WARN  o.e.m.c.i.embedder.EclipseLogger - Using platform encoding (Cp1252 actually) to copy filtered resources, i.e. build is platform dependent!
2023-10-24 14:31:38,330 [Worker-68] INFO  o.e.m.c.i.embedder.EclipseLogger - skip non existing resourceDirectory C:\Users\HP\Desktop\4to ciclo\lenguaje de programacion II\CL2\LPII_CL2_ORTIZCRUZNAYSHA\src\test\resources
2023-10-24 14:32:51,476 [Worker-75] WARN  o.e.m.c.i.embedder.EclipseLogger - Using platform encoding (Cp1252 actually) to copy filtered resources, i.e. build is platform dependent!
2023-10-24 14:32:51,477 [Worker-75] INFO  o.e.m.c.i.embedder.EclipseLogger - Copying 0 resource
2023-10-24 14:32:51,478 [Worker-75] WARN  o.e.m.c.i.embedder.EclipseLogger - Using platform encoding (Cp1252 actually) to copy filtered resources, i.e. build is platform dependent!
2023-10-24 14:32:51,479 [Worker-75] INFO  o.e.m.c.i.embedder.EclipseLogger - skip non existing resourceDirectory C:\Users\HP\Desktop\4to ciclo\lenguaje de programacion II\CL2\LPII_CL2_ORTIZCRUZNAYSHA\src\test\resources
2023-10-24 14:33:20,672 [Worker-74] WARN  o.e.m.c.i.embedder.EclipseLogger - Using platform encoding (Cp1252 actually) to copy filtered resources, i.e. build is platform dependent!
2023-10-24 14:33:20,673 [Worker-74] INFO  o.e.m.c.i.embedder.EclipseLogger - Copying 0 resource
2023-10-24 14:33:20,674 [Worker-74] WARN  o.e.m.c.i.embedder.EclipseLogger - Using platform encoding (Cp1252 actually) to copy filtered resources, i.e. build is platform dependent!
2023-10-24 14:33:20,675 [Worker-74] INFO  o.e.m.c.i.embedder.EclipseLogger - skip non existing resourceDirectory C:\Users\HP\Desktop\4to ciclo\lenguaje de programacion II\CL2\LPII_CL2_ORTIZCRUZNAYSHA\src\test\resources
2023-10-24 14:33:39,319 [Worker-81] WARN  o.e.m.c.i.embedder.EclipseLogger - Using platform encoding (Cp1252 actually) to copy filtered resources, i.e. build is platform dependent!
2023-10-24 14:33:39,321 [Worker-81] INFO  o.e.m.c.i.embedder.EclipseLogger - Copying 0 resource
2023-10-24 14:33:39,322 [Worker-81] WARN  o.e.m.c.i.embedder.EclipseLogger - Using platform encoding (Cp1252 actually) to copy filtered resources, i.e. build is platform dependent!
2023-10-24 14:33:39,322 [Worker-81] INFO  o.e.m.c.i.embedder.EclipseLogger - skip non existing resourceDirectory C:\Users\HP\Desktop\4to ciclo\lenguaje de programacion II\CL2\LPII_CL2_ORTIZCRUZNAYSHA\src\test\resources
2023-10-24 14:33:59,751 [Worker-76] WARN  o.e.m.c.i.embedder.EclipseLogger - Using platform encoding (Cp1252 actually) to copy filtered resources, i.e. build is platform dependent!
2023-10-24 14:33:59,751 [Worker-76] INFO  o.e.m.c.i.embedder.EclipseLogger - Copying 0 resource
2023-10-24 14:33:59,752 [Worker-76] WARN  o.e.m.c.i.embedder.EclipseLogger - Using platform encoding (Cp1252 actually) to copy filtered resources, i.e. build is platform dependent!
2023-10-24 14:33:59,753 [Worker-76] INFO  o.e.m.c.i.embedder.EclipseLogger - skip non existing resourceDirectory C:\Users\HP\Desktop\4to ciclo\lenguaje de programacion II\CL2\LPII_CL2_ORTIZCRUZNAYSHA\src\test\resources
2023-10-24 14:34:17,568 [Worker-76] WARN  o.e.m.c.i.embedder.EclipseLogger - Using platform encoding (Cp1252 actually) to copy filtered resources, i.e. build is platform dependent!
2023-10-24 14:34:17,569 [Worker-76] INFO  o.e.m.c.i.embedder.EclipseLogger - Copying 0 resource
2023-10-24 14:34:17,570 [Worker-76] WARN  o.e.m.c.i.embedder.EclipseLogger - Using platform encoding (Cp1252 actually) to copy filtered resources, i.e. build is platform dependent!
2023-10-24 14:34:17,570 [Worker-76] INFO  o.e.m.c.i.embedder.EclipseLogger - skip non existing resourceDirectory C:\Users\HP\Desktop\4to ciclo\lenguaje de programacion II\CL2\LPII_CL2_ORTIZCRUZNAYSHA\src\test\resources
2023-10-24 14:35:10,764 [Worker-82] WARN  o.e.m.c.i.embedder.EclipseLogger - Using platform encoding (Cp1252 actually) to copy filtered resources, i.e. build is platform dependent!
2023-10-24 14:35:10,767 [Worker-82] INFO  o.e.m.c.i.embedder.EclipseLogger - Copying 0 resource
2023-10-24 14:35:10,769 [Worker-82] WARN  o.e.m.c.i.embedder.EclipseLogger - Using platform encoding (Cp1252 actually) to copy filtered resources, i.e. build is platform dependent!
2023-10-24 14:35:10,770 [Worker-82] INFO  o.e.m.c.i.embedder.EclipseLogger - skip non existing resourceDirectory C:\Users\HP\Desktop\4to ciclo\lenguaje de programacion II\CL2\LPII_CL2_ORTIZCRUZNAYSHA\src\test\resources
2023-10-24 14:35:50,118 [Worker-75] WARN  o.e.m.c.i.embedder.EclipseLogger - Using platform encoding (Cp1252 actually) to copy filtered resources, i.e. build is platform dependent!
2023-10-24 14:35:50,119 [Worker-75] INFO  o.e.m.c.i.embedder.EclipseLogger - Copying 0 resource
2023-10-24 14:35:50,120 [Worker-75] WARN  o.e.m.c.i.embedder.EclipseLogger - Using platform encoding (Cp1252 actually) to copy filtered resources, i.e. build is platform dependent!
2023-10-24 14:35:50,121 [Worker-75] INFO  o.e.m.c.i.embedder.EclipseLogger - skip non existing resourceDirectory C:\Users\HP\Desktop\4to ciclo\lenguaje de programacion II\CL2\LPII_CL2_ORTIZCRUZNAYSHA\src\test\resources
2023-10-24 14:36:08,423 [Worker-82] WARN  o.e.m.c.i.embedder.EclipseLogger - Using platform encoding (Cp1252 actually) to copy filtered resources, i.e. build is platform dependent!
2023-10-24 14:36:08,424 [Worker-82] INFO  o.e.m.c.i.embedder.EclipseLogger - Copying 0 resource
2023-10-24 14:36:08,424 [Worker-82] WARN  o.e.m.c.i.embedder.EclipseLogger - Using platform encoding (Cp1252 actually) to copy filtered resources, i.e. build is platform dependent!
2023-10-24 14:36:08,425 [Worker-82] INFO  o.e.m.c.i.embedder.EclipseLogger - skip non existing resourceDirectory C:\Users\HP\Desktop\4to ciclo\lenguaje de programacion II\CL2\LPII_CL2_ORTIZCRUZNAYSHA\src\test\resources
2023-10-24 14:37:38,053 [Worker-75] WARN  o.e.m.c.i.embedder.EclipseLogger - Using platform encoding (Cp1252 actually) to copy filtered resources, i.e. build is platform dependent!
2023-10-24 14:37:38,054 [Worker-75] INFO  o.e.m.c.i.embedder.EclipseLogger - Copying 0 resource
2023-10-24 14:37:38,055 [Worker-75] WARN  o.e.m.c.i.embedder.EclipseLogger - Using platform encoding (Cp1252 actually) to copy filtered resources, i.e. build is platform dependent!
2023-10-24 14:37:38,056 [Worker-75] INFO  o.e.m.c.i.embedder.EclipseLogger - skip non existing resourceDirectory C:\Users\HP\Desktop\4to ciclo\lenguaje de programacion II\CL2\LPII_CL2_ORTIZCRUZNAYSHA\src\test\resources
2023-10-24 14:37:57,183 [Worker-81] WARN  o.e.m.c.i.embedder.EclipseLogger - Using platform encoding (Cp1252 actually) to copy filtered resources, i.e. build is platform dependent!
2023-10-24 14:37:57,184 [Worker-81] INFO  o.e.m.c.i.embedder.EclipseLogger - Copying 0 resource
2023-10-24 14:37:57,185 [Worker-81] WARN  o.e.m.c.i.embedder.EclipseLogger - Using platform encoding (Cp1252 actually) to copy filtered resources, i.e. build is platform dependent!
2023-10-24 14:37:57,185 [Worker-81] INFO  o.e.m.c.i.embedder.EclipseLogger - skip non existing resourceDirectory C:\Users\HP\Desktop\4to ciclo\lenguaje de programacion II\CL2\LPII_CL2_ORTIZCRUZNAYSHA\src\test\resources
2023-10-24 14:40:37,084 [Worker-83] WARN  o.e.m.c.i.embedder.EclipseLogger - Using platform encoding (Cp1252 actually) to copy filtered resources, i.e. build is platform dependent!
2023-10-24 14:40:37,085 [Worker-83] INFO  o.e.m.c.i.embedder.EclipseLogger - Copying 0 resource
2023-10-24 14:40:37,087 [Worker-83] WARN  o.e.m.c.i.embedder.EclipseLogger - Using platform encoding (Cp1252 actually) to copy filtered resources, i.e. build is platform dependent!
2023-10-24 14:40:37,089 [Worker-83] INFO  o.e.m.c.i.embedder.EclipseLogger - skip non existing resourceDirectory C:\Users\HP\Desktop\4to ciclo\lenguaje de programacion II\CL2\LPII_CL2_ORTIZCRUZNAYSHA\src\test\resources
2023-10-24 14:40:52,744 [Worker-84] WARN  o.e.m.c.i.embedder.EclipseLogger - Using platform encoding (Cp1252 actually) to copy filtered resources, i.e. build is platform dependent!
2023-10-24 14:40:52,745 [Worker-84] INFO  o.e.m.c.i.embedder.EclipseLogger - Copying 0 resource
2023-10-24 14:40:52,746 [Worker-84] WARN  o.e.m.c.i.embedder.EclipseLogger - Using platform encoding (Cp1252 actually) to copy filtered resources, i.e. build is platform dependent!
2023-10-24 14:40:52,748 [Worker-84] INFO  o.e.m.c.i.embedder.EclipseLogger - skip non existing resourceDirectory C:\Users\HP\Desktop\4to ciclo\lenguaje de programacion II\CL2\LPII_CL2_ORTIZCRUZNAYSHA\src\test\resources
2023-10-24 14:45:47,595 [Worker-87] WARN  o.e.m.c.i.embedder.EclipseLogger - Using platform encoding (Cp1252 actually) to copy filtered resources, i.e. build is platform dependent!
2023-10-24 14:45:47,597 [Worker-87] INFO  o.e.m.c.i.embedder.EclipseLogger - Copying 0 resource
2023-10-24 14:45:47,601 [Worker-87] WARN  o.e.m.c.i.embedder.EclipseLogger - Using platform encoding (Cp1252 actually) to copy filtered resources, i.e. build is platform dependent!
2023-10-24 14:45:47,602 [Worker-87] INFO  o.e.m.c.i.embedder.EclipseLogger - skip non existing resourceDirectory C:\Users\HP\Desktop\4to ciclo\lenguaje de programacion II\CL2\LPII_CL2_ORTIZCRUZNAYSHA\src\test\resources
2023-10-24 14:46:12,635 [Worker-85] WARN  o.e.m.c.i.embedder.EclipseLogger - Using platform encoding (Cp1252 actually) to copy filtered resources, i.e. build is platform dependent!
2023-10-24 14:46:12,636 [Worker-85] INFO  o.e.m.c.i.embedder.EclipseLogger - Copying 0 resource
2023-10-24 14:46:12,637 [Worker-85] WARN  o.e.m.c.i.embedder.EclipseLogger - Using platform encoding (Cp1252 actually) to copy filtered resources, i.e. build is platform dependent!
2023-10-24 14:46:12,637 [Worker-85] INFO  o.e.m.c.i.embedder.EclipseLogger - skip non existing resourceDirectory C:\Users\HP\Desktop\4to ciclo\lenguaje de programacion II\CL2\LPII_CL2_ORTIZCRUZNAYSHA\src\test\resources
2023-10-24 14:46:47,569 [Worker-84] WARN  o.e.m.c.i.embedder.EclipseLogger - Using platform encoding (Cp1252 actually) to copy filtered resources, i.e. build is platform dependent!
2023-10-24 14:46:47,571 [Worker-84] INFO  o.e.m.c.i.embedder.EclipseLogger - Copying 0 resource
2023-10-24 14:46:47,573 [Worker-84] WARN  o.e.m.c.i.embedder.EclipseLogger - Using platform encoding (Cp1252 actually) to copy filtered resources, i.e. build is platform dependent!
2023-10-24 14:46:47,574 [Worker-84] INFO  o.e.m.c.i.embedder.EclipseLogger - skip non existing resourceDirectory C:\Users\HP\Desktop\4to ciclo\lenguaje de programacion II\CL2\LPII_CL2_ORTIZCRUZNAYSHA\src\test\resources
2023-10-24 14:47:08,556 [Worker-76] WARN  o.e.m.c.i.embedder.EclipseLogger - Using platform encoding (Cp1252 actually) to copy filtered resources, i.e. build is platform dependent!
2023-10-24 14:47:08,557 [Worker-76] INFO  o.e.m.c.i.embedder.EclipseLogger - Copying 0 resource
2023-10-24 14:47:08,558 [Worker-76] WARN  o.e.m.c.i.embedder.EclipseLogger - Using platform encoding (Cp1252 actually) to copy filtered resources, i.e. build is platform dependent!
2023-10-24 14:47:08,560 [Worker-76] INFO  o.e.m.c.i.embedder.EclipseLogger - skip non existing resourceDirectory C:\Users\HP\Desktop\4to ciclo\lenguaje de programacion II\CL2\LPII_CL2_ORTIZCRUZNAYSHA\src\test\resources
2023-10-24 14:47:21,237 [Worker-76] WARN  o.e.m.c.i.embedder.EclipseLogger - Using platform encoding (Cp1252 actually) to copy filtered resources, i.e. build is platform dependent!
2023-10-24 14:47:21,238 [Worker-76] INFO  o.e.m.c.i.embedder.EclipseLogger - Copying 0 resource
2023-10-24 14:47:21,239 [Worker-76] WARN  o.e.m.c.i.embedder.EclipseLogger - Using platform encoding (Cp1252 actually) to copy filtered resources, i.e. build is platform dependent!
2023-10-24 14:47:21,240 [Worker-76] INFO  o.e.m.c.i.embedder.EclipseLogger - skip non existing resourceDirectory C:\Users\HP\Desktop\4to ciclo\lenguaje de programacion II\CL2\LPII_CL2_ORTIZCRUZNAYSHA\src\test\resources
2023-10-24 14:47:29,338 [Worker-90] WARN  o.e.m.c.i.embedder.EclipseLogger - Using platform encoding (Cp1252 actually) to copy filtered resources, i.e. build is platform dependent!
2023-10-24 14:47:29,339 [Worker-90] INFO  o.e.m.c.i.embedder.EclipseLogger - Copying 0 resource
2023-10-24 14:47:29,351 [Worker-90] WARN  o.e.m.c.i.embedder.EclipseLogger - Using platform encoding (Cp1252 actually) to copy filtered resources, i.e. build is platform dependent!
2023-10-24 14:47:29,352 [Worker-90] INFO  o.e.m.c.i.embedder.EclipseLogger - skip non existing resourceDirectory C:\Users\HP\Desktop\4to ciclo\lenguaje de programacion II\CL2\LPII_CL2_ORTIZCRUZNAYSHA\src\test\resources
2023-10-24 14:48:20,502 [Worker-85] WARN  o.e.m.c.i.embedder.EclipseLogger - Using platform encoding (Cp1252 actually) to copy filtered resources, i.e. build is platform dependent!
2023-10-24 14:48:20,504 [Worker-85] INFO  o.e.m.c.i.embedder.EclipseLogger - Copying 0 resource
2023-10-24 14:48:20,505 [Worker-85] WARN  o.e.m.c.i.embedder.EclipseLogger - Using platform encoding (Cp1252 actually) to copy filtered resources, i.e. build is platform dependent!
2023-10-24 14:48:20,506 [Worker-85] INFO  o.e.m.c.i.embedder.EclipseLogger - skip non existing resourceDirectory C:\Users\HP\Desktop\4to ciclo\lenguaje de programacion II\CL2\LPII_CL2_ORTIZCRUZNAYSHA\src\test\resources
2023-10-24 14:48:35,080 [Worker-88] WARN  o.e.m.c.i.embedder.EclipseLogger - Using platform encoding (Cp1252 actually) to copy filtered resources, i.e. build is platform dependent!
2023-10-24 14:48:35,081 [Worker-88] INFO  o.e.m.c.i.embedder.EclipseLogger - Copying 0 resource
2023-10-24 14:48:35,082 [Worker-88] WARN  o.e.m.c.i.embedder.EclipseLogger - Using platform encoding (Cp1252 actually) to copy filtered resources, i.e. build is platform dependent!
2023-10-24 14:48:35,083 [Worker-88] INFO  o.e.m.c.i.embedder.EclipseLogger - skip non existing resourceDirectory C:\Users\HP\Desktop\4to ciclo\lenguaje de programacion II\CL2\LPII_CL2_ORTIZCRUZNAYSHA\src\test\resources
2023-10-24 14:48:57,140 [Worker-89] WARN  o.e.m.c.i.embedder.EclipseLogger - Using platform encoding (Cp1252 actually) to copy filtered resources, i.e. build is platform dependent!
2023-10-24 14:48:57,141 [Worker-89] INFO  o.e.m.c.i.embedder.EclipseLogger - Copying 0 resource
2023-10-24 14:48:57,143 [Worker-89] WARN  o.e.m.c.i.embedder.EclipseLogger - Using platform encoding (Cp1252 actually) to copy filtered resources, i.e. build is platform dependent!
2023-10-24 14:48:57,144 [Worker-89] INFO  o.e.m.c.i.embedder.EclipseLogger - skip non existing resourceDirectory C:\Users\HP\Desktop\4to ciclo\lenguaje de programacion II\CL2\LPII_CL2_ORTIZCRUZNAYSHA\src\test\resources
2023-10-24 14:49:13,038 [Worker-85] WARN  o.e.m.c.i.embedder.EclipseLogger - Using platform encoding (Cp1252 actually) to copy filtered resources, i.e. build is platform dependent!
2023-10-24 14:49:13,039 [Worker-85] INFO  o.e.m.c.i.embedder.EclipseLogger - Copying 0 resource
2023-10-24 14:49:13,040 [Worker-85] WARN  o.e.m.c.i.embedder.EclipseLogger - Using platform encoding (Cp1252 actually) to copy filtered resources, i.e. build is platform dependent!
2023-10-24 14:49:13,041 [Worker-85] INFO  o.e.m.c.i.embedder.EclipseLogger - skip non existing resourceDirectory C:\Users\HP\Desktop\4to ciclo\lenguaje de programacion II\CL2\LPII_CL2_ORTIZCRUZNAYSHA\src\test\resources
2023-10-24 14:49:23,820 [Worker-88] WARN  o.e.m.c.i.embedder.EclipseLogger - Using platform encoding (Cp1252 actually) to copy filtered resources, i.e. build is platform dependent!
2023-10-24 14:49:23,820 [Worker-88] INFO  o.e.m.c.i.embedder.EclipseLogger - Copying 0 resource
2023-10-24 14:49:23,821 [Worker-88] WARN  o.e.m.c.i.embedder.EclipseLogger - Using platform encoding (Cp1252 actually) to copy filtered resources, i.e. build is platform dependent!
2023-10-24 14:49:23,822 [Worker-88] INFO  o.e.m.c.i.embedder.EclipseLogger - skip non existing resourceDirectory C:\Users\HP\Desktop\4to ciclo\lenguaje de programacion II\CL2\LPII_CL2_ORTIZCRUZNAYSHA\src\test\resources
2023-10-24 14:49:41,800 [Worker-91] WARN  o.e.m.c.i.embedder.EclipseLogger - Using platform encoding (Cp1252 actually) to copy filtered resources, i.e. build is platform dependent!
2023-10-24 14:49:41,801 [Worker-91] INFO  o.e.m.c.i.embedder.EclipseLogger - Copying 0 resource
2023-10-24 14:49:41,802 [Worker-91] WARN  o.e.m.c.i.embedder.EclipseLogger - Using platform encoding (Cp1252 actually) to copy filtered resources, i.e. build is platform dependent!
2023-10-24 14:49:41,803 [Worker-91] INFO  o.e.m.c.i.embedder.EclipseLogger - skip non existing resourceDirectory C:\Users\HP\Desktop\4to ciclo\lenguaje de programacion II\CL2\LPII_CL2_ORTIZCRUZNAYSHA\src\test\resources
2023-10-24 14:53:18,073 [Worker-87] WARN  o.e.m.c.i.embedder.EclipseLogger - Using platform encoding (Cp1252 actually) to copy filtered resources, i.e. build is platform dependent!
2023-10-24 14:53:18,074 [Worker-87] INFO  o.e.m.c.i.embedder.EclipseLogger - Copying 0 resource
2023-10-24 14:53:18,075 [Worker-87] WARN  o.e.m.c.i.embedder.EclipseLogger - Using platform encoding (Cp1252 actually) to copy filtered resources, i.e. build is platform dependent!
2023-10-24 14:53:18,075 [Worker-87] INFO  o.e.m.c.i.embedder.EclipseLogger - skip non existing resourceDirectory C:\Users\HP\Desktop\4to ciclo\lenguaje de programacion II\CL2\LPII_CL2_ORTIZCRUZNAYSHA\src\test\resources
2023-10-24 14:54:23,310 [Worker-89] WARN  o.e.m.c.i.embedder.EclipseLogger - Using platform encoding (Cp1252 actually) to copy filtered resources, i.e. build is platform dependent!
2023-10-24 14:54:23,311 [Worker-89] INFO  o.e.m.c.i.embedder.EclipseLogger - Copying 0 resource
2023-10-24 14:54:23,312 [Worker-89] WARN  o.e.m.c.i.embedder.EclipseLogger - Using platform encoding (Cp1252 actually) to copy filtered resources, i.e. build is platform dependent!
2023-10-24 14:54:23,313 [Worker-89] INFO  o.e.m.c.i.embedder.EclipseLogger - skip non existing resourceDirectory C:\Users\HP\Desktop\4to ciclo\lenguaje de programacion II\CL2\LPII_CL2_ORTIZCRUZNAYSHA\src\test\resources
2023-10-24 14:54:34,738 [Worker-92] WARN  o.e.m.c.i.embedder.EclipseLogger - Using platform encoding (Cp1252 actually) to copy filtered resources, i.e. build is platform dependent!
2023-10-24 14:54:34,739 [Worker-92] INFO  o.e.m.c.i.embedder.EclipseLogger - Copying 0 resource
2023-10-24 14:54:34,740 [Worker-92] WARN  o.e.m.c.i.embedder.EclipseLogger - Using platform encoding (Cp1252 actually) to copy filtered resources, i.e. build is platform dependent!
2023-10-24 14:54:34,741 [Worker-92] INFO  o.e.m.c.i.embedder.EclipseLogger - skip non existing resourceDirectory C:\Users\HP\Desktop\4to ciclo\lenguaje de programacion II\CL2\LPII_CL2_ORTIZCRUZNAYSHA\src\test\resources
2023-10-24 14:54:52,683 [Worker-88] WARN  o.e.m.c.i.embedder.EclipseLogger - Using platform encoding (Cp1252 actually) to copy filtered resources, i.e. build is platform dependent!
2023-10-24 14:54:52,685 [Worker-88] INFO  o.e.m.c.i.embedder.EclipseLogger - Copying 0 resource
2023-10-24 14:54:52,686 [Worker-88] WARN  o.e.m.c.i.embedder.EclipseLogger - Using platform encoding (Cp1252 actually) to copy filtered resources, i.e. build is platform dependent!
2023-10-24 14:54:52,687 [Worker-88] INFO  o.e.m.c.i.embedder.EclipseLogger - skip non existing resourceDirectory C:\Users\HP\Desktop\4to ciclo\lenguaje de programacion II\CL2\LPII_CL2_ORTIZCRUZNAYSHA\src\test\resources
